This is Ipopt version 3.12, running with linear solver ma86.

Number of nonzeros in equality constraint Jacobian...:    60791
Number of nonzeros in inequality constraint Jacobian.:        0
Number of nonzeros in Lagrangian Hessian.............:    21942

Total number of variables............................:    21942
                     variables with only lower bounds:        0
                variables with lower and upper bounds:    21942
                     variables with only upper bounds:        0
Total number of equality constraints.................:        3
Total number of inequality constraints...............:        0
        inequality constraints with only lower bounds:        0
   inequality constraints with lower and upper bounds:        0
        inequality constraints with only upper bounds:        0

iter    objective    inf_pr   inf_du lg(mu)  ||d||  lg(rg) alpha_du alpha_pr  ls
   0 2.1942000e+003 4.12e+008 0.00e+000  -1.0 0.00e+000    -  0.00e+000 0.00e+000   0
   1 2.2548921e+003 7.63e-006 1.57e+000  -1.0 2.48e-001    -  8.63e-001 1.00e+000h  1
   2 2.2488756e+003 0.00e+000 8.51e-001  -1.0 1.76e+000    -  9.91e-001 1.00e+000f  1
   3 2.2463087e+003 0.00e+000 1.99e+000  -1.0 8.53e+000    -  2.97e-001 5.93e-001f  1
   4 2.2452410e+003 0.00e+000 1.83e+000  -1.0 2.81e+001    -  5.89e-002 1.61e-001f  2
   5 2.2445794e+003 0.00e+000 1.34e+000  -1.0 7.11e+001    -  1.00e+000 3.02e-002f  4
   6 2.2437038e+003 0.00e+000 1.08e+000  -1.0 1.00e+001    -  8.51e-001 1.83e-001f  2
   7 2.2427462e+003 0.00e+000 9.80e-001  -1.0 4.84e+000    -  1.00e+000 1.00e+000f  1
   8 2.2422876e+003 0.00e+000 2.10e-001  -1.7 1.60e+000    -  1.00e+000 1.00e+000f  1
   9 2.2422790e+003 0.00e+000 7.46e-002  -1.7 7.57e-002    -  1.00e+000 1.00e+000f  1
iter    objective    inf_pr   inf_du lg(mu)  ||d||  lg(rg) alpha_du alpha_pr  ls
  10 2.2422593e+003 0.00e+000 1.79e-002  -2.5 1.69e-001    -  1.00e+000 1.00e+000f  1
  11 2.2422586e+003 0.00e+000 2.62e-003  -3.8 3.68e-002    -  1.00e+000 1.00e+000f  1
  12 2.2422586e+003 0.00e+000 9.74e-005  -3.8 8.64e-003    -  1.00e+000 1.00e+000f  1
  13 2.2422586e+003 0.00e+000 4.01e-008  -5.7 2.10e-003    -  1.00e+000 1.00e+000f  1
  14 2.2422586e+003 0.00e+000 2.83e-011  -8.6 3.02e-005    -  1.00e+000 1.00e+000f  1

Number of Iterations....: 14

                                   (scaled)                 (unscaled)
Objective...............:  2.2422586240099922e+003   2.2422586240099922e+003
Dual infeasibility......:  2.8282904457031041e-011   2.8282904457031041e-011
Constraint violation....:  0.0000000000000000e+000   0.0000000000000000e+000
Complementarity.........:  2.5124999864221377e-009   2.5124999864221377e-009
Overall NLP error.......:  2.5124999864221377e-009   2.5124999864221377e-009


Number of objective function evaluations             = 23
Number of objective gradient evaluations             = 15
Number of equality constraint evaluations            = 23
Number of inequality constraint evaluations          = 0
Number of equality constraint Jacobian evaluations   = 15
Number of inequality constraint Jacobian evaluations = 0
Number of Lagrangian Hessian evaluations             = 14
Total CPU secs in IPOPT (w/o function evaluations)   =     10.943
Total CPU secs in NLP function evaluations           =      0.499

EXIT: Optimal Solution Found.
