This is Ipopt version 3.12, running with linear solver ma86.

****************
This program contains Ipopt, a library for large-scale nonlinear optimization.
 Ipopt is released as open source code under the Eclipse Public License (EPL).
         For more information visit http://projects.coin-or.org/Ipopt
******************************************************************************

This is Ipopt version 3.12, running with linear solver ma86.

                  variables with only upper bounds:        0
Total number of equality constraints.................:        3
Total number of inequality constraints...............:        0
        inequality constraints with only lower bounds:        0
   inequality constraints with lower and upper bounds:        0
        inequality constraints with only upper bounds:        0

iter    objective    inf_pr   inf_du lg(mu)  ||d||  lg(rg) alpha_du alpha_pr  ls
   0 0.0000000e+000 4.12e+008 0.00e+000  -1.0 0.00e+000    -  0.00e+000 0.00e+000   0
   1 4.6553326e+003 7.63e-006 4.62e+001  -1.0 9.28e-001    -  5.41e-001 1.00e+000h  1
   2 4.6131300e+003 2.33e-010 2.65e+000  -1.0 1.93e+000    -  8.73e-001 1.00e+000f  1
   3 4.6126081e+003 0.00e+000 1.90e-002  -1.0 2.81e-001    -  9.92e-001 1.00e+000f  1
   4 4.6123268e+003 2.33e-010 2.11e-003  -1.7 2.24e-002    -  1.00e+000 1.00e+000f  1
   5 4.6123155e+003 0.00e+000 1.24e-004  -3.8 6.02e-003    -  1.00e+000 1.00e+000f  1
   6 4.6123155e+003 2.33e-010 4.62e-009  -5.7 5.62e-005    -  1.00e+000 1.00e+000f  1
   7 4.6123155e+003 0.00e+000 1.16e-012  -8.6 5.51e-007    -  1.00e+000 1.00e+000h  1

Number of Iterations....: 7

                                   (scaled)                 (unscaled)
Objective...............:  4.6123155177449853e+003   4.6123155177449853e+003
Dual infeasibility......:  1.1610388032033516e-012   1.1610388032033516e-012
Constraint violation....:  0.0000000000000000e+000   0.0000000000000000e+000
Complementarity.........:  2.5066862940518391e-009   2.5066862940518391e-009
Overall NLP error.......:  2.5066862940518391e-009   2.5066862940518391e-009


Number of objective function evaluations             = 8
Number of objective gradient evaluations             = 8
Number of equality constraint evaluations            = 8
Number of inequality constraint evaluations          = 0
Number of equality constraint Jacobian evaluations   = 8
Number of inequality constraint Jacobian evaluations = 0
Number of Lagrangian Hessian evaluations             = 7
Total CPU secs in IPOPT (w/o function evaluations)   =      1.807
Total CPU secs in NLP function evaluations           =      0.331

EXIT: Optimal Solution Found.
