This is Ipopt version 3.12, running with linear solver ma86.

Number of nonzeros in equality constraint Jacobian...:      174
Number of nonzeros in inequality constraint Jacobian.:   100829
Number of nonzeros in Lagrangian Hessian.............:    14239

Total number of variables............................:    14239
                     variables with only lower bounds:        0
                variables with lower and upper bounds:    14239
                     variables with only upper bounds:        0
Total number of equality constraints.................:        1
Total number of inequality constraints...............:       50
        inequality constraints with only lower bounds:        0
   inequality constraints with lower and upper bounds:       50
        inequality constraints with only upper bounds:        0

iter    objective    inf_pr   inf_du lg(mu)  ||d||  lg(rg) alpha_du alpha_pr  ls
   0 0.0000000e+000 4.86e+008 0.00e+000  -1.0 0.00e+000    -  0.00e+000 0.00e+000   0
   1 1.5128304e+001 4.85e+008 2.22e+001  -1.0 2.07e+002    -  9.06e-002 3.89e-003h  1
   2 2.2159470e+004 4.85e+008 5.69e+002  -1.0 3.82e+002    -  5.28e-002 2.19e-003h  1
   3 8.6614217e+003 4.75e+008 5.44e+004  -1.0 2.25e+002    -  7.48e-004 6.92e-002f  1
   4 8.7580636e+003 4.74e+008 5.43e+004  -1.0 2.10e+003    -  3.83e-002 2.87e-003h  1
   5 9.5133320e+003 4.72e+008 5.41e+004  -1.0 1.41e+003    -  1.93e-002 6.79e-003h  1
   6 6.8012629e+005 4.71e+008 1.39e+006  -1.0 1.04e+003    -  8.97e-003 2.77e-003h  1
   7 1.2133441e+006 4.70e+008 1.39e+006  -1.0 1.53e+002    -  7.66e-002 2.40e-003h  1
   8 1.4689476e+006 4.52e+008 2.73e+007  -1.0 2.34e+002    -  3.22e-004 1.75e-001h  1
   9 1.4327514e+006 4.52e+008 2.73e+007  -1.0 5.73e+004    -  1.02e-003 6.69e-005f  1
iter    objective    inf_pr   inf_du lg(mu)  ||d||  lg(rg) alpha_du alpha_pr  ls
  10 1.2697631e+006 4.52e+008 2.73e+007  -1.0 4.73e+004    -  4.93e-004 4.95e-004f  1
  11 1.2441843e+006 4.52e+008 2.73e+007  -1.0 1.57e+004    -  1.72e-004 8.76e-004f  1
  12 4.5654063e+007 4.51e+008 6.79e+007  -1.0 6.40e+002    -  4.12e-002 3.12e-003h  1
  13 4.4419239e+007 4.50e+008 6.72e+007  -1.0 4.85e+002    -  3.52e-004 1.10e-002f  1
  14 4.4394343e+007 4.50e+008 6.72e+007  -1.0 2.03e+003    -  4.89e-003 8.47e-004f  1
  15 4.4394191e+007 4.50e+008 6.69e+007  -1.0 1.21e+003    -  1.25e-002 3.12e-003h  1
  16 3.8895158e+007 4.48e+008 1.08e+008  -1.0 3.15e+002    -  1.06e-004 4.79e-002f  1
  17 3.8885495e+007 4.47e+008 1.08e+008  -1.0 2.37e+003    -  5.61e-003 3.58e-004f  1
  18 3.8972123e+007 4.46e+008 1.07e+008  -1.0 3.27e+003    -  4.37e-003 2.20e-003h  1
  19 3.8881264e+007 4.45e+008 1.07e+008  -1.0 1.73e+003    -  1.12e-002 4.07e-003f  1
iter    objective    inf_pr   inf_du lg(mu)  ||d||  lg(rg) alpha_du alpha_pr  ls
  20 4.2560217e+007 4.45e+008 1.13e+008  -1.0 2.53e+002    -  1.11e-001 6.42e-003h  1
  21 1.8967613e+007 4.42e+008 6.05e+008  -1.0 5.01e+002    -  2.10e-004 2.09e-002f  1
  22r1.8967613e+007 4.42e+008 1.00e+003   5.4 0.00e+000    -  0.00e+000 1.64e-007R  9
  23r1.5262426e+007 4.42e+008 7.47e+003   5.4 1.14e+008    -  4.47e-004 8.50e-007f  1
  24r6.5906395e+005 3.44e+008 7.45e+003   4.0 9.35e+007    -  1.09e-003 1.65e-003f  1
  25 6.5821747e+005 3.44e+008 4.33e+004  -1.0 2.85e+003    -  1.43e-002 1.46e-004h  1
  26 6.5860359e+005 3.44e+008 4.32e+004  -1.0 4.21e+003    -  1.54e-002 2.38e-003h  1
  27 5.3347203e+005 3.34e+008 3.35e+005  -1.0 4.12e+002    -  1.21e-004 9.59e-002f  1
  28r5.3347203e+005 3.34e+008 9.99e+002   5.2 0.00e+000    -  0.00e+000 4.47e-007R 12
  29r5.1800126e+005 3.34e+008 4.86e+004   5.2 1.08e+008    -  2.42e-003 4.45e-008f  2
iter    objective    inf_pr   inf_du lg(mu)  ||d||  lg(rg) alpha_du alpha_pr  ls
  30r1.2239040e+006 2.99e+008 4.84e+004   3.8 5.59e+007    -  2.32e-003 3.11e-003f  1
  31 1.2242130e+006 2.99e+008 1.26e+004  -1.0 4.80e+002    -  7.81e-002 7.62e-004h  1
  32r1.2242130e+006 2.99e+008 9.99e+002   5.1 0.00e+000    -  0.00e+000 2.87e-007R 13
  33r1.1028339e+006 2.99e+008 2.15e+004   5.1 9.25e+007    -  3.17e-003 8.29e-007f  1
  34r9.1736328e+006 2.96e+008 2.14e+004   3.7 3.27e+007    -  3.09e-003 2.56e-003f  1
  35 9.1708143e+006 2.96e+008 3.89e+006  -1.0 4.10e+002    -  5.88e-002 6.41e-004h  1
  36 9.1655388e+006 2.96e+008 3.89e+006  -1.0 2.29e+003    -  1.94e-002 1.09e-003h  1
  37 9.1466035e+006 2.96e+008 3.87e+006  -1.0 2.51e+003    -  2.78e-002 3.76e-003f  2
  38 8.9714697e+006 2.94e+008 3.71e+006  -1.0 1.76e+003    -  6.36e-002 4.34e-002F  1
  39 8.9768205e+006 2.93e+008 3.67e+006  -1.0 1.33e+003    -  6.26e-002 9.93e-003h  1
iter    objective    inf_pr   inf_du lg(mu)  ||d||  lg(rg) alpha_du alpha_pr  ls
  40 9.9627025e+006 2.92e+008 3.53e+006  -1.0 2.17e+002    -  1.27e-002 4.07e-002h  1
  41 1.0003742e+007 2.92e+008 3.52e+006  -1.0 1.71e+003    -  1.40e-001 2.98e-003h  1
  42 1.0361985e+007 2.91e+008 3.50e+006  -1.0 3.42e+002    -  4.39e-002 6.38e-003h  1
  43 5.6797612e+008 2.90e+008 2.62e+008  -1.0 3.60e+002    -  4.85e-005 3.90e-002h  1
  44 5.6786724e+008 2.90e+008 2.62e+008  -1.0 1.50e+004    -  4.59e-003 5.87e-004f  1
  45 5.6730299e+008 2.90e+008 2.61e+008  -1.0 1.92e+003    -  2.06e-002 3.93e-003f  1
  46 5.6026986e+008 2.89e+008 2.58e+008  -1.0 2.15e+002    -  1.02e-002 1.17e-002F  1
  47 5.6118627e+008 2.90e+008 2.56e+008  -1.0 1.77e+003    -  4.64e-003 6.32e-003h  1
  48 5.6122881e+008 2.90e+008 2.56e+008  -1.0 9.31e+002    -  8.67e-003 2.06e-003h  1
  49 5.5794117e+008 2.89e+008 2.54e+008  -1.0 3.14e+002    -  4.05e-003 5.23e-003F  1
iter    objective    inf_pr   inf_du lg(mu)  ||d||  lg(rg) alpha_du alpha_pr  ls
  50 5.5837604e+008 2.90e+008 2.54e+008  -1.0 1.55e+003    -  6.92e-003 2.52e-003h  1
  51 5.5696869e+008 2.89e+008 2.52e+008  -1.0 4.76e+002    -  3.04e-002 6.89e-003f  1
  52 5.4798368e+008 2.88e+008 2.48e+008  -1.0 4.51e+002    -  1.02e-002 1.73e-002f  1
  53 5.4349875e+008 2.88e+008 2.46e+008  -1.0 1.16e+003    -  7.94e-003 6.23e-003H  1
  54 5.4620530e+008 2.88e+008 2.45e+008  -1.0 1.21e+003    -  3.73e-003 4.35e-003h  1
  55 5.4699600e+008 2.88e+008 2.45e+008  -1.0 2.48e+003    -  1.15e-002 1.88e-003h  2
  56 5.4703253e+008 2.88e+008 2.44e+008  -1.0 1.39e+003    -  3.04e-002 2.19e-003h  3
  57 5.4002921e+008 2.87e+008 2.39e+008  -1.0 1.09e+002    -  1.29e-001 2.11e-002f  3
  58 5.3099041e+008 2.87e+008 2.35e+008  -1.0 1.07e+003    -  6.48e-003 1.62e-002f  2
  59 5.3481735e+008 2.87e+008 2.34e+008  -1.0 4.07e+003    -  3.97e-003 2.96e-003h  2
iter    objective    inf_pr   inf_du lg(mu)  ||d||  lg(rg) alpha_du alpha_pr  ls
  60 5.3485189e+008 2.87e+008 2.34e+008  -1.0 1.71e+003    -  1.87e-002 8.93e-004h  4
  61 5.3413944e+008 2.87e+008 2.33e+008  -1.0 7.15e+002    -  5.48e-002 3.74e-003f  3
  62 5.2484273e+008 2.86e+008 2.30e+008  -1.0 1.30e+003    -  6.34e-003 1.61e-002f  1
  63 5.2890853e+008 2.86e+008 2.29e+008  -1.0 8.23e+003    -  2.23e-003 1.74e-003h  2
  64 5.2936846e+008 2.86e+008 2.29e+008  -1.0 3.85e+003    -  2.15e-002 9.38e-004h  3
  65 5.2868529e+008 2.86e+008 2.28e+008  -1.0 7.61e+002    -  1.24e-001 3.58e-003f  3
  66 5.2324654e+008 2.85e+008 2.27e+008  -1.0 1.95e+003    -  4.21e-003 7.78e-003f  2
  67 5.2573336e+008 2.85e+008 2.26e+008  -1.0 9.60e+003    -  2.31e-003 1.21e-003h  2
  68 5.2571357e+008 2.85e+008 2.26e+008  -1.0 1.64e+003    -  6.89e-002 1.79e-003f  3
  69 5.1982492e+008 2.85e+008 2.24e+008  -1.0 1.48e+003    -  6.13e-003 9.67e-003f  2
iter    objective    inf_pr   inf_du lg(mu)  ||d||  lg(rg) alpha_du alpha_pr  ls
  70 5.2220386e+008 2.85e+008 2.23e+008  -1.0 1.05e+004    -  2.26e-003 1.09e-003h  2
  71 5.2216213e+008 2.85e+008 2.23e+008  -1.0 1.60e+003    -  1.27e-001 1.81e-003f  3
  72 5.1657351e+008 2.85e+008 2.21e+008  -1.0 1.74e+003    -  5.16e-003 8.64e-003f  2
  73 5.2216744e+008 2.85e+008 2.21e+008  -1.0 1.19e+004    -  2.27e-003 1.98e-003w  1
  74 4.8660156e+008 2.83e+008 2.14e+008  -1.0 2.15e+002    -  1.34e-002 3.27e-002h  1
  75 3.8211985e+008 2.70e+008 1.48e+008  -1.0 5.72e+001    -  4.25e-001 3.89e-001f  1
  76 3.6644322e+008 2.69e+008 1.39e+008  -1.0 5.28e+001    -  2.01e-001 6.52e-002f  1
  77 3.4514768e+008 2.69e+008 1.27e+008  -1.0 1.21e+002    -  6.33e-002 9.39e-002f  1
  78 3.4480648e+008 2.69e+008 1.26e+008  -1.0 3.10e+002    -  2.05e-001 1.53e-003f  1
  79 2.7125426e+008 2.96e+008 8.63e+007  -1.0 2.76e+002    -  3.13e-002 4.07e-001F  1
iter    objective    inf_pr   inf_du lg(mu)  ||d||  lg(rg) alpha_du alpha_pr  ls
  80 2.7167638e+008 2.96e+008 8.63e+007  -1.0 6.16e+003    -  1.30e-002 2.18e-004h  1
  81 2.6905617e+008 2.98e+008 8.50e+007  -1.0 3.87e+003    -  7.90e-003 1.51e-002f  1
  82 2.6685984e+008 3.00e+008 8.39e+007  -1.0 9.53e+002    -  2.57e-001 1.32e-002f  1
  83 2.6247136e+008 3.10e+008 8.18e+007  -1.0 2.11e+002    -  9.83e-003 2.56e-002f  1
  84 2.6196834e+008 3.10e+008 8.15e+007  -1.0 8.27e+002    -  2.01e-002 3.16e-003f  1
  85 2.6095770e+008 3.11e+008 8.09e+007  -1.0 8.06e+002    -  2.79e-002 6.98e-003f  1
  86 2.5410931e+008 3.50e+008 7.73e+007  -1.0 8.43e+002    -  4.70e-004 4.57e-002f  1
  87 2.5403494e+008 3.47e+008 7.73e+007  -1.0 9.30e+003    -  8.46e-003 3.82e-004f  1
  88 2.5396115e+008 3.43e+008 7.73e+007  -1.0 7.54e+003    -  1.37e-002 6.15e-004f  2
  89 2.5399318e+008 3.40e+008 7.72e+007  -1.0 5.27e+003    -  4.02e-003 7.10e-004h  2
iter    objective    inf_pr   inf_du lg(mu)  ||d||  lg(rg) alpha_du alpha_pr  ls
  90 2.5474250e+008 3.35e+008 7.70e+007  -1.0 3.48e+003    -  5.65e-002 2.44e-003h  1
  91 2.5076987e+008 3.62e+008 5.02e+008  -1.0 1.27e+003    -  2.27e-004 2.16e-002f  1
  92 2.5190880e+008 3.62e+008 5.02e+008  -1.0 4.45e+003    -  1.15e-002 1.90e-004h  1
  93 2.5175593e+008 3.57e+008 5.08e+008  -1.0 2.27e+003    -  5.17e-002 3.26e-003f  1
  94 2.4925576e+008 3.54e+008 6.35e+008  -1.0 9.15e+002    -  9.42e-004 1.72e-002f  1
  95 2.4926514e+008 3.54e+008 6.36e+008  -1.0 2.48e+003    -  5.76e-002 8.63e-005h  2
  96 2.4929038e+008 3.53e+008 6.37e+008  -1.0 2.50e+003    -  1.58e-002 1.15e-003h  2
  97 2.4948947e+008 3.52e+008 6.59e+008  -1.0 2.64e+003    -  7.45e-002 4.24e-003h  2
  98 2.5486295e+008 3.47e+008 6.45e+008  -1.0 3.14e+003    -  1.58e-002 1.78e-002h  1
  99 2.5470879e+008 3.45e+008 6.03e+008  -1.0 8.60e+002    -  5.16e-003 6.49e-004f  1
iter    objective    inf_pr   inf_du lg(mu)  ||d||  lg(rg) alpha_du alpha_pr  ls
 100 2.5767166e+008 3.28e+008 6.00e+008  -1.0 2.02e+002    -  5.37e-003 4.82e-003h  1

Number of Iterations....: 100

                                   (scaled)                 (unscaled)
Objective...............:  2.5767165562817536e+005   2.5767165562817535e+008
Dual infeasibility......:  6.0023112184662545e+008   8.4625918472106979e+010
Constraint violation....:  1.2613283611004625e+005   3.2827699762066525e+008
Complementarity.........:  7.4753677521329577e+004   7.4753677521329582e+007
Overall NLP error.......:  1.4289093676378266e+006   8.4625918472106979e+010


Number of objective function evaluations             = 207
Number of objective gradient evaluations             = 98
Number of equality constraint evaluations            = 207
Number of inequality constraint evaluations          = 207
Number of equality constraint Jacobian evaluations   = 104
Number of inequality constraint Jacobian evaluations = 104
Number of Lagrangian Hessian evaluations             = 100
Total CPU secs in IPOPT (w/o function evaluations)   =     12.430
Total CPU secs in NLP function evaluations           =      2.901

EXIT: Maximum Number of Iterations Exceeded.
