This is Ipopt version 3.12, running with linear solver ma86.

Number of nonzeros in equality constraint Jacobian...:      174
Number of nonzeros in inequality constraint Jacobian.:   100829
Number of nonzeros in Lagrangian Hessian.............:    14239

Total number of variables............................:    14239
                     variables with only lower bounds:        0
                variables with lower and upper bounds:    14239
                     variables with only upper bounds:        0
Total number of equality constraints.................:        1
Total number of inequality constraints...............:       50
        inequality constraints with only lower bounds:        0
   inequality constraints with lower and upper bounds:       50
        inequality constraints with only upper bounds:        0

iter    objective    inf_pr   inf_du lg(mu)  ||d||  lg(rg) alpha_du alpha_pr  ls
   0 0.0000000e+000 4.86e+008 0.00e+000  -1.0 0.00e+000    -  0.00e+000 0.00e+000   0
   1 3.6136908e-011 4.86e+008 9.62e+001  -1.0 2.57e+003    -  2.63e-002 5.39e-005f  1
   2 6.2134388e-006 4.86e+008 7.82e+001  -1.0 2.57e+003    -  2.08e-004 2.62e-004h  1
   3 4.7069828e-005 4.86e+008 8.22e+001  -1.0 2.56e+003    -  3.86e-006 7.71e-005h  1
   4 1.0299915e-004 4.86e+008 1.02e+002  -1.0 2.56e+003    -  1.39e-004 5.64e-005h  1
   5 1.5794701e-004 4.86e+008 1.31e+002  -1.0 2.56e+003    -  5.41e-005 4.13e-005h  1
   6 3.5410400e-004 4.86e+008 1.22e+002  -1.0 2.56e+003    -  1.03e-004 1.07e-004h  1
   7 1.6771578e-003 4.86e+008 8.48e+001  -1.0 2.56e+003    -  3.61e-004 3.78e-004h  1
   8 1.9255425e-003 4.86e+008 1.09e+002  -1.0 2.56e+003    -  6.08e-005 5.00e-005h  1
   9 2.1927312e-003 4.86e+008 1.30e+003  -1.0 2.56e+003    -  5.89e-004 5.03e-005h  1
iter    objective    inf_pr   inf_du lg(mu)  ||d||  lg(rg) alpha_du alpha_pr  ls
  10 5.5580870e-003 4.86e+008 1.04e+003  -1.0 2.56e+003    -  3.57e-004 4.74e-004h  1
  11 6.9373029e-003 4.86e+008 4.09e+003  -1.0 2.56e+003    -  1.55e-003 1.50e-004h  1
  12 1.2632431e-002 4.86e+008 6.75e+003  -1.0 2.56e+003    -  1.72e-003 5.00e-004h  1
  13 2.5238273e-002 4.86e+008 8.15e+003  -1.0 2.56e+003    -  1.46e-003 8.03e-004h  1
  14 2.7511376e-002 4.86e+008 8.02e+003  -1.0 2.58e+003    -  5.35e-005 1.18e-004h  1
  15 3.0466739e-002 4.86e+008 8.03e+003  -1.0 2.59e+003    -  1.43e-004 1.38e-004h  1
  16 3.7722005e-002 4.86e+008 8.63e+003  -1.0 2.59e+003    -  5.92e-004 2.94e-004h  1
  17 4.1910923e-002 4.86e+008 8.97e+003  -1.0 2.59e+003    -  3.21e-004 1.49e-004h  1
  18 4.5686462e-002 4.86e+008 1.00e+004  -1.0 2.59e+003    -  6.54e-004 1.25e-004h  1
  19 5.3471589e-002 4.86e+008 9.60e+003  -1.0 2.58e+003    -  2.08e-005 2.36e-004h  1
iter    objective    inf_pr   inf_du lg(mu)  ||d||  lg(rg) alpha_du alpha_pr  ls
  20 5.4872351e-002 4.86e+008 1.09e+004  -1.0 2.58e+003    -  7.11e-004 3.98e-005h  1
  21 7.0968908e-002 4.86e+008 1.09e+004  -1.0 2.58e+003    -  4.00e-004 4.15e-004h  1
  22r7.0968908e-002 4.86e+008 1.00e+003   3.4 0.00e+000    -  0.00e+000 2.74e-007R  5
  23r1.0216020e-001 4.86e+008 1.12e+003   3.4 1.47e+005    -  1.31e-001 2.02e-006f  1
  24r3.4905679e+004 4.46e+008 1.08e+003   1.3 1.54e+004    -  3.48e-002 3.49e-002f  1
  25r4.9203213e+004 4.33e+008 1.07e+003   1.3 3.73e+004    -  1.80e-003 4.36e-003f  1
  26 4.9203012e+004 4.33e+008 4.82e+009  -1.0 3.28e+003    -  6.06e-006 2.11e-006f  1
  27 4.9202953e+004 4.33e+008 4.82e+009  -1.0 3.37e+003    -  1.37e-006 7.10e-007f  1
  28 4.9202741e+004 4.33e+008 4.82e+009  -1.0 3.37e+003    -  2.37e-005 2.58e-006f  1
  29 4.9201543e+004 4.33e+008 4.82e+009  -1.0 3.37e+003    -  1.93e-005 1.47e-005f  1
iter    objective    inf_pr   inf_du lg(mu)  ||d||  lg(rg) alpha_du alpha_pr  ls
  30 4.9199802e+004 4.33e+008 4.82e+009  -1.0 3.37e+003    -  1.54e-005 2.13e-005f  1
  31 4.9199346e+004 4.33e+008 4.82e+009  -1.0 3.37e+003    -  6.87e-005 5.58e-006f  1
  32 4.9191990e+004 4.33e+008 4.82e+009  -1.0 3.37e+003    -  8.84e-005 9.00e-005f  1
  33 4.9191145e+004 4.33e+008 4.82e+009  -1.0 3.36e+003    -  3.37e-004 1.04e-005f  1
  34 4.9183396e+004 4.33e+008 4.82e+009  -1.0 3.36e+003    -  7.44e-004 9.50e-005f  1
  35 4.9180552e+004 4.33e+008 4.82e+009  -1.0 3.36e+003    -  4.41e-004 3.54e-005f  1
  36 4.9180121e+004 4.33e+008 4.82e+009  -1.0 3.37e+003    -  9.61e-005 1.29e-005f  1
  37 4.9179476e+004 4.33e+008 4.82e+009  -1.0 3.37e+003    -  1.24e-004 2.01e-005f  1
  38 4.9179019e+004 4.33e+008 4.82e+009  -1.0 3.37e+003    -  3.84e-004 1.43e-005f  1
  39 4.9178802e+004 4.33e+008 4.82e+009  -1.0 3.39e+003    -  3.19e-005 6.81e-006f  1
iter    objective    inf_pr   inf_du lg(mu)  ||d||  lg(rg) alpha_du alpha_pr  ls
  40 4.9178794e+004 4.33e+008 4.82e+009  -1.0 6.02e+003    -  6.88e-006 2.31e-007f  1
  41 4.9178624e+004 4.34e+008 4.82e+009  -1.0 7.12e+003    -  6.22e-005 4.98e-006f  1
  42 4.9178489e+004 4.34e+008 4.82e+009  -1.0 7.13e+003    -  2.06e-005 3.92e-006f  1
  43 4.9178115e+004 4.34e+008 4.82e+009  -1.0 7.13e+003    -  1.45e-004 1.09e-005f  1
  44 4.9176523e+004 4.34e+008 4.82e+009  -1.0 7.17e+003    -  9.23e-005 4.71e-005f  1
  45 4.9175494e+004 4.34e+008 4.82e+009  -1.0 7.35e+003    -  1.95e-004 3.10e-005f  1
  46 4.9172766e+004 4.34e+008 4.81e+009  -1.0 7.46e+003    -  2.81e-004 8.55e-005f  1
  47 4.9167798e+004 4.34e+008 4.81e+009  -1.0 7.71e+003    -  2.95e-004 1.72e-004f  1
  48 4.9167474e+004 4.34e+008 4.81e+009  -1.0 7.05e+003    -  1.19e-005 2.69e-005f  1
  49 4.9167514e+004 4.34e+008 4.81e+009  -1.0 5.86e+003    -  3.87e-004 1.47e-005h  1
iter    objective    inf_pr   inf_du lg(mu)  ||d||  lg(rg) alpha_du alpha_pr  ls
  50r4.9167514e+004 4.34e+008 1.00e+003   3.4 0.00e+000    -  0.00e+000 4.59e-007R  9
  51r4.9203691e+004 4.33e+008 1.00e+003   3.4 1.86e+005    -  3.88e-003 2.73e-006f  1
  52r8.6467883e+006 3.59e+008 9.94e+002   2.0 1.49e+005    -  5.63e-003 6.75e-003f  1
  53 8.6467826e+006 3.59e+008 4.75e+014  -1.0 4.37e+003    -  5.31e-005 9.61e-007f  1
  54 8.6467783e+006 3.59e+008 4.75e+014  -1.0 4.48e+003    -  4.67e-005 7.17e-007f  1
  55 8.6466561e+006 3.59e+008 4.75e+014  -1.0 4.26e+003    -  1.05e-004 2.09e-005f  1
  56 8.6466448e+006 3.59e+008 4.75e+014  -1.0 2.19e+003    -  4.46e-005 1.94e-006f  1
  57 8.6466138e+006 3.59e+008 4.75e+014  -1.0 8.54e+002    -  1.97e-005 5.35e-006f  1
  58 8.6465220e+006 3.59e+008 4.75e+014  -1.0 8.01e+002    -  9.81e-007 1.59e-005f  1
  59 8.6464871e+006 3.59e+008 4.75e+014  -1.0 8.03e+002    -  1.56e-005 6.03e-006f  1
iter    objective    inf_pr   inf_du lg(mu)  ||d||  lg(rg) alpha_du alpha_pr  ls
  60 8.6464548e+006 3.59e+008 4.75e+014  -1.0 8.02e+002    -  2.68e-005 5.60e-006f  1
  61 8.6464116e+006 3.59e+008 4.75e+014  -1.0 7.95e+002    -  1.75e-006 7.49e-006f  1
  62 8.6463474e+006 3.59e+008 4.75e+014  -1.0 7.95e+002    -  1.31e-005 1.11e-005f  1
  63 8.6462149e+006 3.59e+008 4.75e+014  -1.0 7.95e+002    -  5.59e-005 2.30e-005f  1
  64 8.6462091e+006 3.59e+008 4.75e+014  -1.0 7.95e+002    -  4.29e-005 1.01e-006f  1
  65 8.6458585e+006 3.59e+008 4.75e+014  -1.0 7.93e+002    -  2.82e-006 6.08e-005f  1
  66 8.6458159e+006 3.59e+008 4.75e+014  -1.0 7.93e+002    -  4.20e-005 7.39e-006f  1
  67 8.6455130e+006 3.59e+008 4.75e+014  -1.0 7.87e+002    -  1.36e-005 5.26e-005f  1
  68 8.6451503e+006 3.59e+008 4.75e+014  -1.0 7.84e+002    -  3.19e-004 6.29e-005f  1
  69 8.6450594e+006 3.59e+008 4.75e+014  -1.0 7.75e+002    -  6.43e-004 1.58e-005f  1
iter    objective    inf_pr   inf_du lg(mu)  ||d||  lg(rg) alpha_du alpha_pr  ls
  70 8.6444366e+006 3.59e+008 4.75e+014  -1.0 7.57e+002    -  2.31e-004 1.08e-004f  1
  71 8.6443134e+006 3.59e+008 4.75e+014  -1.0 7.39e+002    -  3.13e-003 2.14e-005f  1
  72 8.6442429e+006 3.59e+008 4.75e+014  -1.0 4.95e+002    -  8.68e-004 1.22e-005f  1
  73 8.6441886e+006 3.59e+008 4.75e+014  -1.0 4.64e+002    -  3.90e-003 9.45e-006f  1
  74 8.6437207e+006 3.59e+008 4.75e+014  -1.0 1.21e+003    -  1.41e-004 8.33e-005f  1
  75 8.6430428e+006 3.59e+008 4.75e+014  -1.0 1.24e+003    -  3.02e-005 1.21e-004f  1
  76 8.6430359e+006 3.59e+008 4.75e+014  -1.0 1.27e+003    -  1.69e-004 1.24e-006f  1
  77 8.6429529e+006 3.59e+008 4.74e+014  -1.0 1.27e+003    -  7.69e-004 1.48e-005f  1
  78 8.6366816e+006 3.59e+008 4.74e+014  -1.0 1.27e+003    -  4.34e-004 1.13e-003f  1
  79 8.6365828e+006 3.59e+008 4.74e+014  -1.0 1.24e+003    -  9.05e-005 1.75e-005f  1
iter    objective    inf_pr   inf_du lg(mu)  ||d||  lg(rg) alpha_du alpha_pr  ls
  80 8.6365752e+006 3.59e+008 4.74e+014  -1.0 6.17e+002    -  9.42e-005 1.35e-006f  1
  81 8.6361083e+006 3.59e+008 4.74e+014  -1.0 6.13e+002    -  1.30e-003 8.29e-005f  1
  82 8.6359445e+006 3.59e+008 4.74e+014  -1.0 6.34e+002    -  1.74e-003 2.93e-005f  1
  83 8.6352666e+006 3.59e+008 4.74e+014  -1.0 7.21e+002    -  1.15e-003 1.22e-004f  1
  84 8.6317666e+006 3.59e+008 4.73e+014  -1.0 9.21e+002    -  1.27e-005 7.45e-004f  1
  85 8.6280254e+006 3.59e+008 4.73e+014  -1.0 7.28e+002    -  1.22e-002 8.75e-004f  1
  86 8.6253126e+006 3.59e+008 4.73e+014  -1.0 4.67e+002    -  8.28e-003 5.35e-004f  1
  87 8.6176140e+006 3.59e+008 4.72e+014  -1.0 4.63e+002    -  8.27e-005 1.46e-003f  1
  88 8.6173943e+006 3.59e+008 4.72e+014  -1.0 1.80e+002    -  1.03e-006 3.74e-005f  1
  89 8.6172566e+006 3.59e+008 4.72e+014  -1.0 1.56e+002    -  3.14e-005 2.34e-005f  1
iter    objective    inf_pr   inf_du lg(mu)  ||d||  lg(rg) alpha_du alpha_pr  ls
  90 8.6169192e+006 3.59e+008 4.72e+014  -1.0 1.56e+002    -  5.32e-003 5.75e-005f  1
  91 8.6145427e+006 3.59e+008 4.72e+014  -1.0 1.56e+002    -  5.35e-005 4.06e-004f  1
  92 8.6144865e+006 3.59e+008 4.72e+014  -1.0 1.56e+002    -  5.55e-007 9.69e-006f  1
  93 8.6144439e+006 3.59e+008 4.72e+014  -1.0 1.56e+002    -  4.56e-007 7.35e-006f  1
  94 8.5771578e+006 3.60e+008 4.69e+014  -1.0 1.56e+002    -  5.63e-003 6.47e-003f  1
  95 8.5656716e+006 3.60e+008 4.68e+014  -1.0 1.55e+002    -  6.33e-003 2.21e-003f  1
  96 8.5217819e+006 3.61e+008 4.64e+014  -1.0 1.55e+002    -  9.65e-003 7.39e-003f  1
  97 8.5016504e+006 3.61e+008 4.63e+014  -1.0 1.54e+002    -  1.60e-003 3.40e-003F  1
  98 8.6909455e+006 3.61e+008 4.62e+014  -1.0 9.20e+002    -  6.79e-004 9.98e-004h  1
  99 8.6798871e+006 3.62e+008 4.61e+014  -1.0 1.53e+002    -  3.49e-002 3.05e-003f  1
iter    objective    inf_pr   inf_du lg(mu)  ||d||  lg(rg) alpha_du alpha_pr  ls
 100 8.6796206e+006 3.62e+008 4.61e+014  -1.0 1.56e+002    -  2.56e-003 3.31e-005f  1

Number of Iterations....: 100

                                   (scaled)                 (unscaled)
Objective...............:  8.6796205813262463e+011   8.6796205813262463e+006
Dual infeasibility......:  4.6090643680026412e+014   4.6090643680026417e+009
Constraint violation....:  1.8981022393441899e+003   3.6170314472702074e+008
Complementarity.........:  5.8074712249731756e+003   5.8074712249731757e-002
Overall NLP error.......:  1.8604175385242683e+008   4.6090643680026417e+009


Number of objective function evaluations             = 117
Number of objective gradient evaluations             = 98
Number of equality constraint evaluations            = 117
Number of inequality constraint evaluations          = 117
Number of equality constraint Jacobian evaluations   = 103
Number of inequality constraint Jacobian evaluations = 103
Number of Lagrangian Hessian evaluations             = 100
Total CPU secs in IPOPT (w/o function evaluations)   =      9.960
Total CPU secs in NLP function evaluations           =      2.221

EXIT: Maximum Number of Iterations Exceeded.
