This is Ipopt version 3.12, running with linear solver ma86.

Number of nonzeros in equality constraint Jacobian...:      174
Number of nonzeros in inequality constraint Jacobian.:   100829
Number of nonzeros in Lagrangian Hessian.............:    14239

Total number of variables............................:    14239
                     variables with only lower bounds:        0
                variables with lower and upper bounds:    14239
                     variables with only upper bounds:        0
Total number of equality constraints.................:        1
Total number of inequality constraints...............:       50
        inequality constraints with only lower bounds:        0
   inequality constraints with lower and upper bounds:       50
        inequality constraints with only upper bounds:        0

iter    objective    inf_pr   inf_du lg(mu)  ||d||  lg(rg) alpha_du alpha_pr  ls
   0 0.0000000e+000 4.86e+008 0.00e+000  -1.0 0.00e+000    -  0.00e+000 0.00e+000   0
   1 2.9243348e-003 4.86e+008 1.40e+000  -1.0 2.05e+004    -  5.62e-003 5.38e-004h  1
   2 2.0933765e-001 4.86e+008 2.66e+000  -1.0 1.76e+004    -  5.22e-004 3.11e-003h  1
   3 2.1492582e-001 4.86e+008 1.57e+002  -1.0 1.43e+004    -  2.00e-003 3.64e-005h  1
   4r2.1492582e-001 4.86e+008 9.99e+002   4.4 0.00e+000    -  0.00e+000 2.54e-007R  5
   5r2.1896015e-001 4.86e+008 9.99e+002   4.4 4.30e+006    -  3.67e-004 1.03e-007f  1
   6r1.0398533e+006 4.32e+008 9.97e+002   3.0 3.19e+006    -  2.38e-003 2.22e-003f  1
   7 1.0395509e+006 4.32e+008 2.03e+010  -1.0 3.79e+003    -  5.92e-003 4.38e-004f  1
   8 1.0394862e+006 4.32e+008 2.03e+010  -1.0 2.05e+003    -  5.14e-003 9.52e-005f  1
   9 1.0391399e+006 4.32e+008 2.03e+010  -1.0 1.56e+003    -  2.12e-003 5.14e-004f  1
iter    objective    inf_pr   inf_du lg(mu)  ||d||  lg(rg) alpha_du alpha_pr  ls
  10 1.0389960e+006 4.32e+008 2.03e+010  -1.0 2.37e+003    -  1.76e-003 2.23e-004f  1
  11 1.0383846e+006 4.32e+008 2.03e+010  -1.0 2.42e+003    -  1.24e-003 1.06e-003f  1
  12 1.0383524e+006 4.32e+008 2.03e+010  -1.0 3.26e+003    -  1.89e-004 5.64e-005f  1
  13 1.0382527e+006 4.32e+008 2.03e+010  -1.0 3.25e+003    -  2.61e-003 2.01e-004f  1
  14 1.3405074e+006 4.32e+008 2.38e+010  -1.0 2.64e+003    -  3.03e-003 1.20e-003h  1
  15 1.3238506e+006 4.32e+008 2.34e+010  -1.0 6.02e+002    -  6.86e-004 1.61e-002f  1
  16 1.3307720e+006 4.32e+008 2.34e+010  -1.0 6.07e+002    -  1.89e-002 1.43e-003h  1
  17 1.3307325e+006 4.32e+008 2.34e+010  -1.0 1.90e+003    -  6.85e-003 9.35e-005f  1
  18 3.6834783e+006 4.32e+008 7.19e+010  -1.0 9.83e+002    -  7.08e-003 1.63e-003h  1
  19 3.6323604e+006 4.32e+008 7.04e+010  -1.0 5.42e+002    -  1.73e-004 2.02e-002f  1
iter    objective    inf_pr   inf_du lg(mu)  ||d||  lg(rg) alpha_du alpha_pr  ls
  20 3.6997076e+006 4.32e+008 7.04e+010  -1.0 6.51e+003    -  5.09e-004 6.50e-004h  1
  21 3.3222815e+006 4.32e+008 8.07e+011  -1.0 3.47e+002    -  1.46e-007 1.08e-003f  1
  22 3.3083075e+006 4.33e+008 8.02e+011  -1.0 6.92e+002    -  2.57e-002 6.50e-003f  1
  23 3.3027085e+006 4.33e+008 8.00e+011  -1.0 6.80e+002    -  2.49e-002 2.66e-003f  1
  24 3.2538048e+006 4.33e+008 7.82e+011  -1.0 6.35e+002    -  1.12e-002 2.27e-002f  1
  25 3.2531546e+006 4.33e+008 7.81e+011  -1.0 7.63e+002    -  2.79e-002 3.46e-004f  1
  26 5.5383083e+006 4.33e+008 7.80e+011  -1.0 1.15e+003    -  1.17e-002 1.48e-003h  1
  27 5.4138706e+006 4.33e+008 8.97e+011  -1.0 5.68e+002    -  1.78e-005 9.77e-003f  1
  28 5.2945850e+006 4.34e+008 8.66e+011  -1.0 4.84e+002    -  1.31e-002 3.44e-002f  1
  29 5.2254646e+006 4.34e+008 8.49e+011  -1.0 4.55e+002    -  3.43e-002 2.03e-002f  1
iter    objective    inf_pr   inf_du lg(mu)  ||d||  lg(rg) alpha_du alpha_pr  ls
  30 5.0501763e+006 4.36e+008 8.03e+011  -1.0 4.29e+002    -  3.25e-002 5.34e-002f  1
  31 4.9079153e+006 4.38e+008 7.67e+011  -1.0 3.49e+002    -  1.50e-001 4.51e-002f  1
  32 4.8087125e+006 4.39e+008 7.42e+011  -1.0 2.06e+002    -  2.26e-001 3.25e-002f  1
  33 4.5629243e+006 4.43e+008 6.79e+011  -1.0 1.30e+002    -  3.42e-001 8.56e-002f  2
  34 4.4720547e+006 4.45e+008 6.56e+011  -1.0 1.28e+002    -  1.59e-001 3.31e-002f  4
  35 4.4282570e+006 4.46e+008 6.45e+011  -1.0 1.28e+002    -  2.87e-002 1.63e-002f  3
  36 4.4021553e+006 4.46e+008 6.39e+011  -1.0 1.29e+002    -  1.92e-001 9.81e-003f  3
  37 4.3992165e+006 4.46e+008 6.38e+011  -1.0 1.29e+002    -  3.58e-003 1.11e-003f  5
  38 4.3819419e+006 4.47e+008 6.34e+011  -1.0 2.07e+002    -  2.36e-003 6.55e-003f  1
  39 4.3789857e+006 4.47e+008 6.34e+011  -1.0 1.29e+002    -  8.02e-002 1.12e-003f  1
iter    objective    inf_pr   inf_du lg(mu)  ||d||  lg(rg) alpha_du alpha_pr  ls
  40 4.2081933e+006 4.50e+008 5.90e+011  -1.0 1.29e+002    -  3.02e-001 6.80e-002f  1
  41 3.8873076e+006 4.57e+008 5.05e+011  -1.0 1.31e+002    -  4.30e-003 1.45e-001f  1
  42 3.7745355e+006 4.59e+008 4.77e+011  -1.0 1.36e+002    -  6.56e-005 5.58e-002f  1
  43 3.6285250e+006 4.60e+008 4.39e+011  -1.0 1.39e+002    -  2.39e-002 7.83e-002f  1
  44 3.6266512e+006 4.60e+008 4.39e+011  -1.0 1.16e+002    -  1.85e-001 1.03e-003f  1
  45 3.5684296e+006 4.60e+008 4.25e+011  -1.0 1.55e+002    -  5.39e-002 3.30e-002f  1
  46 3.5669374e+006 4.60e+008 4.24e+011  -1.0 1.70e+002    -  2.13e-003 8.56e-004f  1
  47 3.5437705e+006 4.60e+008 4.18e+011  -1.0 1.68e+002    -  2.27e-003 1.35e-002f  1
  48 3.5408487e+006 4.60e+008 4.18e+011  -1.0 1.04e+002    -  1.93e-001 1.72e-003f  1
  49 3.5183403e+006 4.60e+008 4.12e+011  -1.0 1.03e+002    -  1.73e-002 1.34e-002f  2
iter    objective    inf_pr   inf_du lg(mu)  ||d||  lg(rg) alpha_du alpha_pr  ls
  50 3.4251393e+006 4.62e+008 3.87e+011  -1.0 1.02e+002    -  4.00e-002 6.05e-002f  2
  51 3.3839695e+006 4.62e+008 3.76e+011  -1.0 1.02e+002    -  1.70e-001 2.91e-002f  1
  52 3.2624430e+006 4.65e+008 3.32e+011  -1.0 1.15e+002    -  2.13e-001 1.16e-001f  1
  53 3.2256169e+006 4.67e+008 2.99e+011  -1.0 5.44e+002    -  3.18e-003 9.83e-002f  1
  54 3.2256191e+006 4.67e+008 2.99e+011  -1.0 2.33e+002    -  1.77e-003 1.43e-003h  1
  55 3.2256350e+006 4.67e+008 2.99e+011  -1.0 1.10e+002    -  1.10e-001 1.02e-003h  1
  56 3.2271267e+006 4.67e+008 2.95e+011  -1.0 1.06e+002    -  4.64e-003 1.29e-002h  1
  57 3.2297910e+006 4.67e+008 2.92e+011  -1.0 1.11e+002    -  3.92e-001 1.03e-002h  1
  58 3.2574606e+006 4.67e+008 2.80e+011  -1.0 9.97e+001    -  1.22e-001 3.97e-002h  1
  59 3.2778418e+006 4.66e+008 2.75e+011  -1.0 8.83e+001    -  1.05e-001 1.74e-002h  1
iter    objective    inf_pr   inf_du lg(mu)  ||d||  lg(rg) alpha_du alpha_pr  ls
  60 3.4040145e+006 4.66e+008 2.60e+011  -1.0 2.49e+002    -  1.01e-003 5.50e-002h  1
  61 3.5113132e+006 4.65e+008 2.53e+011  -1.0 2.29e+003    -  1.96e-004 2.98e-002h  1
  62 3.5120645e+006 4.65e+008 2.52e+011  -1.0 2.81e+003    -  1.01e-001 1.97e-004h  1
  63 3.5175678e+006 4.65e+008 2.52e+011  -1.0 2.39e+003    -  7.83e-004 1.43e-003h  1
  64 3.6341411e+006 4.65e+008 2.46e+011  -1.0 2.40e+003    -  4.30e-002 2.49e-002h  1
  65 6.3166626e+006 4.65e+008 2.07e+011  -1.0 5.12e+002    -  4.79e-002 1.57e-001h  1
  66 5.9751340e+006 4.58e+008 1.85e+011  -1.0 7.82e+002    -  1.01e-001 1.07e-001f  1
  67 6.1075014e+006 4.57e+008 1.82e+011  -1.0 1.31e+003    -  4.03e-004 1.70e-002h  1
  68 6.1064262e+006 4.57e+008 1.82e+011  -1.0 6.41e+002    -  1.98e-003 4.72e-004f  1
  69 6.1041982e+006 4.57e+008 1.82e+011  -1.0 5.75e+002    -  6.49e-001 9.86e-004f  1
iter    objective    inf_pr   inf_du lg(mu)  ||d||  lg(rg) alpha_du alpha_pr  ls
  70 5.7733593e+006 4.45e+008 1.51e+011  -1.0 5.77e+002    -  3.37e-003 1.66e-001f  1
  71 5.7772731e+006 4.45e+008 1.51e+011  -1.0 5.19e+002    -  7.22e-002 1.56e-003h  1
  72 5.8019790e+006 4.44e+008 1.50e+011  -1.0 5.71e+002    -  1.61e-001 1.10e-002h  1
  73 5.8270301e+006 4.38e+008 1.38e+011  -1.0 4.26e+002    -  5.04e-003 7.80e-002h  1
  74 5.8224214e+006 4.38e+008 1.38e+011  -1.0 7.04e+002    -  1.54e-003 8.23e-004f  1
  75 5.8220853e+006 4.38e+008 1.38e+011  -1.0 5.83e+002    -  4.22e-002 6.22e-005f  1
  76 5.6873484e+006 4.36e+008 1.34e+011  -1.0 4.85e+002    -  7.60e-002 2.58e-002f  1
  77 5.6900970e+006 4.34e+008 1.32e+011  -1.0 3.93e+002    -  2.21e-001 1.44e-002h  1
  78 6.0410541e+006 4.12e+008 9.79e+010  -1.0 2.51e+002    -  8.38e-001 2.59e-001h  1
  79 6.0421547e+006 4.12e+008 9.79e+010  -1.0 2.31e+003    -  3.94e-003 5.50e-004h  1
iter    objective    inf_pr   inf_du lg(mu)  ||d||  lg(rg) alpha_du alpha_pr  ls
  80 6.8446245e+006 4.11e+008 9.77e+010  -1.0 3.32e+003    -  2.45e-005 2.19e-003h  1
  81 6.8675123e+006 4.11e+008 9.76e+010  -1.0 3.08e+003    -  4.50e-004 1.10e-003h  1
  82 6.8704003e+006 4.09e+008 9.74e+010  -1.0 1.15e+004    -  4.03e-004 1.79e-003h  1
  83 6.8704755e+006 4.08e+008 9.74e+010  -1.0 1.18e+004    -  2.25e-003 1.30e-004h  1
  84 6.8725536e+006 4.06e+008 9.72e+010  -1.0 1.18e+004    -  6.98e-003 2.34e-003h  1
  85 6.8776475e+006 4.04e+008 9.69e+010  -1.0 1.19e+004    -  8.52e-003 2.15e-003h  1
  86 6.9035558e+006 3.98e+008 9.62e+010  -1.0 6.63e+003    -  1.73e-002 8.13e-003h  1
  87 6.9134190e+006 3.98e+008 9.60e+010  -1.0 1.80e+004    -  3.35e-003 1.30e-003h  1
  88 6.9758532e+006 3.97e+008 9.52e+010  -1.0 1.94e+004    -  6.04e-004 9.13e-003h  1
  89 6.9795750e+006 3.97e+008 9.51e+010  -1.0 8.34e+003    -  6.45e-004 6.45e-004s 14
iter    objective    inf_pr   inf_du lg(mu)  ||d||  lg(rg) alpha_du alpha_pr  ls
  90 6.9952059e+006 3.97e+008 9.48e+010  -1.0 8.38e+003    -  2.70e-003 2.70e-003s 14
  91 7.0357067e+006 3.96e+008 9.41e+010  -1.0 8.28e+003    -  7.24e-003 7.24e-003s 14
  92 7.0388684e+006 3.96e+008 9.41e+010  -1.0 7.26e+003    -  7.53e-004 7.53e-004s 14
  93 7.1144018e+006 3.94e+008 9.25e+010  -1.0 7.11e+003    -  1.70e-002 1.70e-002s 14
  94 7.1152661e+006 3.94e+008 9.24e+010  -1.0 1.53e+003    -  7.90e-004 7.90e-004s 14
  95 7.1158673e+006 3.94e+008 9.24e+010  -1.0 2.36e+002    -  6.05e-004 6.05e-004s 14
  96 7.1185050e+006 3.93e+008 9.21e+010  -1.0 3.02e+002    -  2.86e-003 2.86e-003s 14
  97 7.1188989e+006 3.93e+008 9.20e+010  -1.0 6.54e+002    -  7.07e-004 7.07e-004s 14
  98 7.1400021e+006 3.89e+008 9.20e+010  -1.0 7.30e+002    -  2.56e-001 0.00e+000S 14
  99 7.1305922e+006 3.89e+008 9.18e+010  -1.0 4.97e+003    -  1.63e-002 2.19e-003f  1
iter    objective    inf_pr   inf_du lg(mu)  ||d||  lg(rg) alpha_du alpha_pr  ls
 100 7.0784494e+006 3.89e+008 9.07e+010  -1.0 4.73e+003    -  3.40e-002 1.26e-002f  1

Number of Iterations....: 100

                                   (scaled)                 (unscaled)
Objective...............:  7.0784493911880827e+008   7.0784493911880823e+006
Dual infeasibility......:  9.0660709338090958e+010   1.1982092378070067e+008
Constraint violation....:  2.0397969923752324e+004   3.8870455524132186e+008
Complementarity.........:  1.9459482309650667e+002   1.9459482309650666e+000
Overall NLP error.......:  1.4308603935702352e+006   3.8870455524132186e+008


Number of objective function evaluations             = 141
Number of objective gradient evaluations             = 100
Number of equality constraint evaluations            = 141
Number of inequality constraint evaluations          = 141
Number of equality constraint Jacobian evaluations   = 102
Number of inequality constraint Jacobian evaluations = 102
Number of Lagrangian Hessian evaluations             = 100
Total CPU secs in IPOPT (w/o function evaluations)   =     10.115
Total CPU secs in NLP function evaluations           =      2.367

EXIT: Maximum Number of Iterations Exceeded.
