This is Ipopt version 3.12, running with linear solver ma86.

Number of nonzeros in equality constraint Jacobian...:      174
Number of nonzeros in inequality constraint Jacobian.:   100829
Number of nonzeros in Lagrangian Hessian.............:    14239

Total number of variables............................:    14239
                     variables with only lower bounds:        0
                variables with lower and upper bounds:    14239
                     variables with only upper bounds:        0
Total number of equality constraints.................:        1
Total number of inequality constraints...............:       50
        inequality constraints with only lower bounds:        0
   inequality constraints with lower and upper bounds:       50
        inequality constraints with only upper bounds:        0

iter    objective    inf_pr   inf_du lg(mu)  ||d||  lg(rg) alpha_du alpha_pr  ls
   0 0.0000000e+000 4.86e+008 0.00e+000  -1.0 0.00e+000    -  0.00e+000 0.00e+000   0
   1 1.2288817e-001 4.86e+008 1.91e+001  -1.0 4.28e+001    -  7.00e-002 5.38e-004f  1
   2 1.0034550e+001 4.86e+008 3.94e+001  -1.0 1.48e+002    -  7.19e-003 3.55e-003h  1
   3 5.7754957e+001 4.86e+008 1.58e+003  -1.0 5.92e+002    -  1.63e-002 6.08e-004h  1
   4 1.1514142e+006 4.86e+008 2.58e+006  -1.0 5.56e+002    -  1.98e-002 1.55e-003h  1
   5 1.0953953e+006 4.84e+008 2.45e+006  -1.0 3.76e+002    -  4.93e-004 5.21e-002f  1
   6 1.0641103e+006 4.82e+008 2.34e+006  -1.0 2.18e+002    -  4.40e-002 4.61e-002f  1
   7 9.4916142e+005 4.74e+008 1.86e+006  -1.0 1.26e+002    -  6.28e-002 2.39e-001f  1
   8 9.2986594e+005 4.74e+008 1.78e+006  -1.0 2.86e+002    -  1.08e-001 4.27e-002f  1
   9 9.7648001e+005 4.75e+008 1.32e+006  -1.0 7.79e+001    -  1.27e-001 3.14e-001h  1
iter    objective    inf_pr   inf_du lg(mu)  ||d||  lg(rg) alpha_du alpha_pr  ls
  10 9.6594890e+005 4.75e+008 1.25e+006  -1.0 3.14e+002    -  5.33e-002 5.66e-002f  1
  11 9.5871297e+005 4.75e+008 1.18e+006  -1.0 1.35e+002    -  1.24e-002 5.89e-002f  1
  12 9.5529058e+005 4.74e+008 1.10e+006  -1.0 7.26e+001    -  1.20e-001 6.65e-002f  1
  13 9.5556264e+005 4.73e+008 1.08e+006  -1.0 8.77e+001    -  1.87e-002 2.40e-002H  1
  14 9.5543323e+005 4.73e+008 1.07e+006  -1.0 2.55e+002    -  1.96e-002 4.43e-003h  1
  15 9.5714973e+005 4.71e+008 1.05e+006  -1.0 2.22e+002    -  3.14e-003 2.32e-002H  1
  16 9.5469567e+005 4.71e+008 1.01e+006  -1.0 5.99e+001    -  4.11e-005 3.79e-002f  2
  17 9.5752767e+005 4.70e+008 9.75e+005  -1.0 6.19e+001    -  3.50e-002 3.50e-002s 18
  18r9.5752767e+005 4.70e+008 9.99e+002   4.4 0.00e+000    -  0.00e+000 0.00e+000R  1
  19r5.0528441e+005 4.69e+008 9.99e+002   4.4 6.18e+006    -  9.47e-004 7.89e-006f  1
iter    objective    inf_pr   inf_du lg(mu)  ||d||  lg(rg) alpha_du alpha_pr  ls
  20r4.9694532e+005 4.51e+008 9.98e+002   3.0 6.17e+006    -  1.19e-003 7.96e-004f  1
  21r6.2762063e+005 3.93e+008 9.96e+002   3.0 8.77e+006    -  1.76e-003 1.51e-003f  1
  22 6.3472365e+005 3.92e+008 5.84e+004  -1.0 7.81e+001    -  1.11e-001 8.82e-003h  1
  23 2.3121587e+006 3.92e+008 4.87e+007  -1.0 4.94e+001    -  6.64e-002 8.82e-002h  1
  24 2.3604607e+006 3.93e+008 4.66e+007  -1.0 7.18e+001    -  1.16e-001 4.63e-002h  1
  25 2.6513665e+006 3.94e+008 4.29e+007  -1.0 5.82e+001    -  2.42e-001 8.30e-002h  1
  26 6.6704141e+006 3.97e+008 3.82e+007  -1.0 6.64e+001    -  1.59e-001 1.17e-001h  1
  27 6.8713157e+006 3.98e+008 3.81e+007  -1.0 2.96e+003    -  6.59e-003 3.15e-003h  1
  28 7.2957981e+006 4.01e+008 3.78e+007  -1.0 9.77e+002    -  3.31e-003 9.88e-003h  1
  29 7.0647711e+006 3.99e+008 3.72e+007  -1.0 3.34e+002    -  2.28e-002 1.40e-002f  1
iter    objective    inf_pr   inf_du lg(mu)  ||d||  lg(rg) alpha_du alpha_pr  ls
  30 6.8243606e+006 3.97e+008 3.70e+007  -1.0 2.76e+002    -  1.00e-002 5.22e-003H  1
  31 7.0348299e+006 3.99e+008 3.68e+007  -1.0 9.69e+002    -  2.31e-003 5.70e-003h  1
  32 6.7619001e+006 3.97e+008 3.66e+007  -1.0 3.09e+002    -  7.16e-003 6.56e-003H  1
  33 6.7783534e+006 3.97e+008 3.66e+007  -1.0 8.11e+002    -  1.10e-002 4.26e-004h  1
  34 6.3568845e+006 3.93e+008 3.63e+007  -1.0 7.98e+002    -  6.76e-003 6.54e-003H  1
  35 6.3933557e+006 3.93e+008 3.63e+007  -1.0 1.18e+003    -  1.67e-002 4.63e-004h  1
  36 5.8848082e+006 3.84e+008 3.61e+007  -1.0 1.18e+003    -  1.17e-002 4.90e-003H  1
  37 6.2953282e+006 3.94e+008 3.60e+007  -1.0 1.32e+003    -  1.46e-002 3.29e-003h  2
  38 6.3414618e+006 3.95e+008 3.60e+007  -1.0 1.14e+003    -  1.33e-002 5.77e-004h  6
  39 6.3529344e+006 3.95e+008 3.60e+007  -1.0 1.13e+003    -  5.89e-003 1.52e-004h  8
iter    objective    inf_pr   inf_du lg(mu)  ||d||  lg(rg) alpha_du alpha_pr  ls
  40 6.3558287e+006 3.95e+008 3.60e+007  -1.0 1.13e+003    -  2.47e-002 3.90e-005h 10
  41 6.3566100e+006 3.95e+008 3.60e+007  -1.0 1.13e+003    -  5.64e-003 1.06e-005h 12
  42 6.0328421e+006 3.90e+008 3.59e+007  -1.0 1.13e+003    -  1.60e-002 3.28e-003H  1
  43 5.4257762e+006 3.76e+008 3.56e+007  -1.0 1.22e+003    -  1.92e-002 8.47e-003H  1
  44 4.2005072e+006 3.15e+008 3.37e+007  -1.0 1.09e+003    -  4.48e-002 5.41e-002H  1
  45r4.2005072e+006 3.15e+008 9.99e+002   4.2 0.00e+000    -  0.00e+000 4.45e-007R 13
  46r1.7082752e+006 3.12e+008 2.47e+003   4.2 6.22e+006    -  1.64e-003 2.84e-005f  1
  47r2.3026272e+006 2.68e+008 2.50e+003   2.8 5.81e+006    -  2.25e-003 1.58e-003f  1
  48 2.3049287e+006 2.68e+008 3.10e+004  -1.0 5.71e+001    -  2.37e-001 5.46e-004h  1
  49 4.8385109e+006 2.68e+008 1.02e+008  -1.0 8.46e+001    -  2.03e-001 3.49e-003h  1
iter    objective    inf_pr   inf_du lg(mu)  ||d||  lg(rg) alpha_du alpha_pr  ls
  50r4.8385109e+006 2.68e+008 9.99e+002   4.1 0.00e+000    -  0.00e+000 4.14e-007R 15
  51r4.2527121e+006 2.68e+008 1.10e+003   4.1 6.13e+006    -  5.47e-004 3.88e-006f  1
  52r5.3370425e+006 2.67e+008 1.30e+003   2.7 6.89e+006    -  3.55e-003 1.16e-003f  1
  53r5.3370425e+006 2.67e+008 9.99e+002   4.1 0.00e+000    -  0.00e+000 3.93e-007R  8
  54r5.3139814e+006 2.67e+008 9.99e+002   4.1 5.69e+006    -  4.48e-004 2.43e-009f  2
  55r1.0694993e+007 2.64e+008 9.98e+002   2.7 6.63e+006    -  3.90e-003 1.27e-003f  1
  56r1.0694993e+007 2.64e+008 9.99e+002   4.0 0.00e+000    -  0.00e+000 4.87e-007R  8
  57r1.0559217e+007 2.64e+008 9.99e+002   4.0 6.75e+006    -  5.66e-004 4.14e-008f  2
  58r1.3152534e+007 2.61e+008 9.99e+002   2.6 5.39e+006    -  5.23e-003 5.73e-004f  1
  59r1.3152534e+007 2.61e+008 9.99e+002   3.9 0.00e+000    -  0.00e+000 4.75e-007R  8
iter    objective    inf_pr   inf_du lg(mu)  ||d||  lg(rg) alpha_du alpha_pr  ls
  60r1.3131983e+007 2.61e+008 1.00e+003   3.9 6.82e+006    -  6.22e-004 5.29e-009f  2
  61r1.7600483e+007 2.56e+008 9.99e+002   2.5 4.79e+006    -  5.56e-003 7.67e-004f  1
  62r1.7600483e+007 2.56e+008 9.99e+002   3.8 0.00e+000    -  0.00e+000 4.49e-007R  8
  63r1.7542663e+007 2.56e+008 1.00e+003   3.8 6.82e+006    -  7.05e-004 9.72e-009f  2
  64r1.2759507e+007 2.52e+008 1.05e+003   3.1 3.95e+006    -  8.81e-003 1.71e-003f  1
  65r1.5141424e+007 5.52e+008 1.32e+003   3.1 1.47e+005    -  7.59e-003 4.86e-003f  1
  66r1.5780786e+007 1.25e+009 2.42e+003   3.1 8.98e+004    -  2.21e-002 1.09e-002f  1
  67r1.2873563e+007 1.50e+009 3.56e+003   3.1 5.26e+004    -  1.73e-002 5.36e-003f  1
  68r1.2940176e+007 1.63e+009 5.51e+003   3.1 5.05e+003    -  2.36e-002 3.19e-003f  1
  69r1.4053442e+007 2.65e+009 1.12e+004   3.1 3.45e+003    -  9.08e-002 2.84e-002f  1
iter    objective    inf_pr   inf_du lg(mu)  ||d||  lg(rg) alpha_du alpha_pr  ls
  70r1.4839861e+007 3.13e+009 1.81e+004   3.1 4.43e+003    -  1.06e-001 2.23e-002f  1
  71r1.6351257e+007 3.84e+009 2.37e+004   3.1 5.15e+003    -  1.31e-001 4.51e-002f  1
  72r1.6439947e+007 3.89e+009 2.95e+004   3.1 5.81e+003    -  9.30e-002 4.44e-003h  3
  73r1.6439947e+007 3.89e+009 2.95e+004   3.1 1.22e+004    -  0.00e+000 3.16e-007R 20
  74r1.8897269e+007 4.29e+009 2.67e+004   3.1 2.06e+005    -  6.89e-002 7.67e-002f  1
  75r2.2139723e+007 4.63e+009 2.85e+004   3.1 1.52e+005    -  1.27e-001 6.48e-002f  1
  76r2.4587586e+007 4.91e+009 4.16e+004   3.1 1.14e+005    -  3.65e-001 5.87e-002f  1
  77r2.5136427e+007 4.96e+009 5.06e+004   3.1 7.73e+004    -  3.20e-001 1.13e-002f  1
  78r2.8538478e+007 5.22e+009 4.84e+004   3.1 6.36e+004    -  1.21e-001 6.67e-002f  1
  79r3.1069395e+007 5.35e+009 5.17e+004   3.1 4.87e+004    -  2.55e-001 4.30e-002f  1
iter    objective    inf_pr   inf_du lg(mu)  ||d||  lg(rg) alpha_du alpha_pr  ls
  80r3.3788024e+007 5.45e+009 6.29e+004   3.1 2.84e+004    -  4.88e-001 5.01e-002f  1
  81r3.5914667e+007 5.51e+009 5.89e+004   3.1 1.92e+004    -  6.32e-002 6.32e-002s 18
  82r5.1978212e+007 5.63e+009 5.50e+004   3.1 2.60e+004    -  6.74e-002 6.74e-002s 18
  83r4.1886330e+007 5.79e+009 5.04e+004   3.1 3.66e+004    -  8.38e-002 8.38e-002s 18
  84r4.3559071e+007 5.86e+009 4.82e+004   3.1 4.97e+004    -  4.37e-002 4.37e-002s 18
  85r4.9018886e+007 6.06e+009 4.23e+004   3.1 5.35e+004    -  1.21e-001 1.21e-001s 18
  86r5.3734962e+007 6.22e+009 3.77e+004   3.1 6.19e+004    -  1.10e-001 1.10e-001s 18
  87r6.2034424e+007 6.46e+009 3.11e+004   3.1 6.37e+004    -  1.74e-001 1.74e-001s 18
  88r7.4659139e+007 6.80e+009 3.43e+004   3.1 6.29e+004    -  2.36e-001 0.00e+000S 18
  89r8.3554702e+007 6.97e+009 2.98e+004   3.1 5.91e+004    -  3.36e-001 1.74e-001h  1
iter    objective    inf_pr   inf_du lg(mu)  ||d||  lg(rg) alpha_du alpha_pr  ls
  90r8.9042560e+007 7.03e+009 2.92e+004   3.1 5.40e+004    -  2.01e-001 1.09e-001h  1
  91r8.9312553e+007 7.03e+009 4.71e+004   3.1 4.99e+004    -  1.70e-001 5.07e-003h  1
  92r4.2207933e+008 7.08e+009 8.55e+004   3.1 4.97e+004    -  4.29e-001 1.60e-001h  1
  93r2.0221661e+008 7.09e+009 8.36e+004   3.1 4.35e+004    -  1.77e-001 4.01e-002h  1
  94r1.6295709e+008 7.09e+009 9.05e+004   3.1 4.21e+004    -  2.49e-001 3.58e-002h  1
  95r1.4069803e+008 7.21e+009 5.13e+004   3.1 4.15e+004    -  1.78e-002 3.60e-001h  1
  96r1.4732494e+008 7.22e+009 5.31e+004   3.1 3.06e+004    -  4.90e-001 1.30e-001h  1
  97r1.5786919e+008 7.24e+009 4.20e+004   3.1 2.66e+004    -  1.51e-001 1.95e-001h  1
  98r1.7317567e+008 7.24e+009 3.05e+004   3.1 2.17e+004    -  3.73e-001 2.76e-001h  1
  99r1.8869328e+008 7.23e+009 2.26e+004   3.1 1.58e+004    -  5.16e-001 2.79e-001h  1
iter    objective    inf_pr   inf_du lg(mu)  ||d||  lg(rg) alpha_du alpha_pr  ls
 100r2.0592325e+008 7.21e+009 1.56e+004   3.1 1.11e+004    -  2.15e-001 2.89e-001h  1

Number of Iterations....: 100

                                   (scaled)                 (unscaled)
Objective...............:  2.0592325075636224e+006   2.0592325075636223e+008
Dual infeasibility......:  5.3549224518529205e+006   5.3549224518529207e+008
Constraint violation....:  1.7209650823633312e+005   7.2097780014189024e+009
Complementarity.........:  2.1595320966134245e+003   2.1595320966134244e+005
Overall NLP error.......:  1.7209650823633312e+005   7.2097780014189024e+009


Number of objective function evaluations             = 289
Number of objective gradient evaluations             = 57
Number of equality constraint evaluations            = 290
Number of inequality constraint evaluations          = 290
Number of equality constraint Jacobian evaluations   = 109
Number of inequality constraint Jacobian evaluations = 109
Number of Lagrangian Hessian evaluations             = 100
Total CPU secs in IPOPT (w/o function evaluations)   =     10.877
Total CPU secs in NLP function evaluations           =      3.187

EXIT: Maximum Number of Iterations Exceeded.
