This is Ipopt version 3.12, running with linear solver ma86.

Number of nonzeros in equality constraint Jacobian...:      174
Number of nonzeros in inequality constraint Jacobian.:   100829
Number of nonzeros in Lagrangian Hessian.............:    14239

Total number of variables............................:    14239
                     variables with only lower bounds:        0
                variables with lower and upper bounds:    14239
                     variables with only upper bounds:        0
Total number of equality constraints.................:        1
Total number of inequality constraints...............:       50
        inequality constraints with only lower bounds:        0
   inequality constraints with lower and upper bounds:       50
        inequality constraints with only upper bounds:        0

iter    objective    inf_pr   inf_du lg(mu)  ||d||  lg(rg) alpha_du alpha_pr  ls
   0 0.0000000e+000 4.86e+008 0.00e+000  -1.0 0.00e+000    -  0.00e+000 0.00e+000   0
   1 2.6433642e-013 4.86e+008 5.04e+006  -1.0 4.90e+000    -  3.00e-002 1.71e-006f  2
   2 7.7058057e-013 4.86e+008 8.40e+006  -1.0 4.89e+000    -  2.36e-001 2.71e-004h  1
   3r7.7058057e-013 4.86e+008 9.99e+002   0.7 0.00e+000    -  0.00e+000 4.89e-007R  4
   4r1.5030737e-001 4.86e+008 9.99e+002   0.7 2.25e+001    -  5.79e-002 1.15e-004f  1
   5r1.0603640e+006 4.28e+008 9.30e+002   0.7 3.01e+001    -  3.03e-001 6.80e-002f  1
   6r8.2021029e+005 4.12e+008 8.84e+002  -0.0 2.22e+001    -  1.23e-001 5.03e-002f  1
   7r7.5509908e+005 3.76e+008 7.84e+002  -0.0 6.04e+001    -  1.48e-001 1.13e-001f  1
   8r9.3647964e+005 5.27e+008 6.56e+002  -0.0 5.34e+001    -  3.13e-001 1.62e-001f  1
   9r1.0093984e+006 5.64e+008 6.22e+002  -0.0 4.47e+001    -  7.34e-001 4.85e-002f  1
iter    objective    inf_pr   inf_du lg(mu)  ||d||  lg(rg) alpha_du alpha_pr  ls
  10r1.0355576e+006 5.79e+008 6.11e+002  -0.0 4.24e+001    -  1.00e+000 2.88e-002f  4
  11r5.3846986e+006 5.66e+008 1.71e+002  -0.0 4.10e+001    -  4.10e-001 7.18e-001H  1
  12r1.1969151e+007 2.42e+008 7.28e+001  -0.7 1.20e+001    -  4.51e-001 5.71e-001h  1
  13 1.1969151e+007 2.42e+008 3.60e+015  -1.0 6.03e+001    -  4.56e-009 4.47e-009f  1
  14 1.1969151e+007 2.42e+008 3.60e+015  -1.0 6.03e+001    -  1.29e-005 9.44e-011f  1
  15 1.1969079e+007 2.42e+008 3.60e+015  -1.0 7.68e+001    -  1.44e-005 7.02e-006f  1
  16 1.1969078e+007 2.42e+008 3.60e+015  -1.0 7.68e+001    -  4.07e-005 7.03e-008f  1
  17 1.1969078e+007 2.42e+008 3.60e+015  -1.0 7.66e+001    -  3.67e-005 4.29e-008f  1
  18 1.1969028e+007 2.42e+008 3.60e+015  -1.0 7.66e+001    -  9.09e-005 4.84e-006f  1
  19 1.1969026e+007 2.42e+008 3.60e+015  -1.0 7.29e+001    -  3.00e-004 1.68e-007f  1
iter    objective    inf_pr   inf_du lg(mu)  ||d||  lg(rg) alpha_du alpha_pr  ls
  20 1.1968919e+007 2.42e+008 3.60e+015  -1.0 6.61e+001    -  1.11e-004 1.05e-005f  1
  21 1.1968871e+007 2.42e+008 3.60e+015  -1.0 6.31e+001    -  1.25e-004 4.65e-006f  1
  22 1.1968813e+007 2.42e+008 3.60e+015  -1.0 6.03e+001    -  3.93e-004 5.66e-006f  1
  23 1.1968653e+007 2.42e+008 3.60e+015  -1.0 6.03e+001    -  4.77e-005 1.57e-005f  1
  24 1.1968647e+007 2.42e+008 3.60e+015  -1.0 6.03e+001    -  7.96e-004 6.23e-007f  1
  25 1.1968365e+007 2.42e+008 3.60e+015  -1.0 6.60e+001    -  1.47e-004 2.76e-005f  1
  26 1.1968167e+007 2.42e+008 3.60e+015  -1.0 8.15e+001    -  9.32e-004 1.95e-005f  1
  27 1.1968015e+007 2.42e+008 3.60e+015  -1.0 8.16e+001    -  2.85e-004 1.50e-005f  1
  28 1.1967430e+007 2.42e+008 3.60e+015  -1.0 8.28e+001    -  5.53e-003 5.76e-005f  1
  29 1.1967196e+007 2.42e+008 3.60e+015  -1.0 8.06e+001    -  1.48e-004 2.33e-005f  1
iter    objective    inf_pr   inf_du lg(mu)  ||d||  lg(rg) alpha_du alpha_pr  ls
  30 1.1967135e+007 2.42e+008 3.60e+015  -1.0 1.28e+002    -  3.94e-005 6.88e-006f  1
  31 1.1966748e+007 2.42e+008 3.60e+015  -1.0 1.40e+002    -  4.30e-005 4.44e-005f  1
  32 1.1966542e+007 2.42e+008 3.60e+015  -1.0 1.52e+002    -  3.00e-004 2.36e-005f  1
  33 1.1966432e+007 2.42e+008 3.60e+015  -1.0 1.57e+002    -  1.52e-004 1.27e-005f  1
  34 1.1966430e+007 2.42e+008 3.60e+015  -1.0 1.58e+002    -  4.64e-004 1.67e-007f  1
  35 1.1965479e+007 2.42e+008 3.60e+015  -1.0 1.60e+002    -  1.97e-003 1.09e-004f  1
  36 1.1965432e+007 2.42e+008 3.60e+015  -1.0 1.05e+002    -  5.66e-004 5.43e-006f  1
  37 1.1964655e+007 2.42e+008 3.60e+015  -1.0 1.10e+002    -  4.85e-003 9.00e-005f  1
  38 1.1964423e+007 2.42e+008 3.60e+015  -1.0 1.14e+002    -  4.69e-005 2.70e-005f  1
  39 1.1964404e+007 2.42e+008 3.60e+015  -1.0 1.20e+002    -  5.97e-007 2.20e-006f  1
iter    objective    inf_pr   inf_du lg(mu)  ||d||  lg(rg) alpha_du alpha_pr  ls
  40 1.1964383e+007 2.42e+008 3.60e+015  -1.0 1.21e+002    -  5.40e-007 2.46e-006f  1
  41 1.1964356e+007 2.42e+008 3.60e+015  -1.0 1.21e+002    -  1.45e-005 3.17e-006f  1
  42 1.1963913e+007 2.42e+008 3.60e+015  -1.0 1.21e+002    -  2.41e-002 5.17e-005f  1
  43 1.1963851e+007 2.42e+008 3.60e+015  -1.0 1.21e+002    -  7.91e-004 7.12e-006f  1
  44 1.1958729e+007 2.42e+008 3.60e+015  -1.0 1.21e+002    -  6.06e-003 5.97e-004f  1
  45 1.1958662e+007 2.42e+008 3.60e+015  -1.0 1.25e+002    -  1.23e-002 7.77e-006f  1
  46 1.1955073e+007 2.42e+008 3.60e+015  -1.0 1.46e+002    -  3.84e-003 4.23e-004f  1
  47 1.1951966e+007 2.42e+008 3.60e+015  -1.0 1.47e+002    -  1.25e-003 3.67e-004f  1
  48 1.1951413e+007 2.42e+008 3.60e+015  -1.0 1.47e+002    -  1.42e-002 6.54e-005f  1
  49 1.1951385e+007 2.42e+008 3.60e+015  -1.0 1.51e+002    -  1.26e-002 3.41e-006f  1
iter    objective    inf_pr   inf_du lg(mu)  ||d||  lg(rg) alpha_du alpha_pr  ls
  50 1.1942653e+007 2.42e+008 3.59e+015  -1.0 1.52e+002    -  2.84e-002 1.04e-003f  1
  51 1.1942551e+007 2.42e+008 3.59e+015  -1.0 1.52e+002    -  2.77e-002 1.20e-005f  1
  52 1.1934072e+007 2.42e+008 3.59e+015  -1.0 1.55e+002    -  7.37e-004 1.01e-003f  1
  53 1.1933985e+007 2.42e+008 3.59e+015  -1.0 1.55e+002    -  1.44e-003 1.03e-005f  1
  54 1.1933817e+007 2.42e+008 3.59e+015  -1.0 1.74e+002    -  4.90e-003 2.00e-005f  1
  55 1.1903539e+007 2.42e+008 3.58e+015  -1.0 1.74e+002    -  3.27e-003 3.62e-003f  1
  56 1.1903247e+007 2.42e+008 3.58e+015  -1.0 1.77e+002    -  3.67e-005 3.50e-005f  1
  57 1.1903234e+007 2.42e+008 3.58e+015  -1.0 1.76e+002    -  1.02e-005 1.66e-006f  1
  58 1.1903156e+007 2.42e+008 3.58e+015  -1.0 1.76e+002    -  1.14e-005 9.34e-006f  1
  59 1.1903073e+007 2.42e+008 3.58e+015  -1.0 1.76e+002    -  2.14e-005 9.89e-006f  1
iter    objective    inf_pr   inf_du lg(mu)  ||d||  lg(rg) alpha_du alpha_pr  ls
  60 1.1903072e+007 2.42e+008 3.58e+015  -1.0 1.76e+002    -  5.03e-003 1.52e-007f  1
  61 1.1888480e+007 2.42e+008 3.57e+015  -1.0 1.77e+002    -  2.69e-002 1.75e-003f  1
  62 1.1884824e+007 2.42e+008 3.57e+015  -1.0 1.78e+002    -  2.45e-004 4.39e-004f  1
  63 1.1884788e+007 2.42e+008 3.57e+015  -1.0 1.78e+002    -  2.40e-006 4.35e-006f  1
  64 1.1884788e+007 2.42e+008 3.57e+015  -1.0 1.77e+002    -  8.13e-008 7.07e-008f  1
  65 1.1884787e+007 2.42e+008 3.57e+015  -1.0 1.78e+002    -  1.07e-007 4.95e-008f  1
  66 1.1872760e+007 2.42e+008 3.56e+015  -1.0 1.78e+002    -  1.63e-007 1.45e-003f  1
  67 1.1872757e+007 2.42e+008 3.56e+015  -1.0 1.78e+002    -  2.51e-002 3.90e-007f  1
  68 1.1872640e+007 2.42e+008 3.56e+015  -1.0 1.78e+002    -  1.54e-003 1.40e-005f  1
  69 1.1872629e+007 2.42e+008 3.56e+015  -1.0 1.81e+002    -  4.85e-002 1.34e-006f  1
iter    objective    inf_pr   inf_du lg(mu)  ||d||  lg(rg) alpha_du alpha_pr  ls
  70 1.1851231e+007 2.42e+008 3.55e+015  -1.0 1.82e+002    -  4.27e-002 2.58e-003f  1
  71 1.1839520e+007 2.42e+008 3.55e+015  -1.0 1.84e+002    -  2.71e-002 1.42e-003f  1
  72 1.1813208e+007 2.41e+008 3.54e+015  -1.0 1.86e+002    -  1.61e-003 3.19e-003f  1
  73 1.1807340e+007 2.41e+008 3.54e+015  -1.0 1.89e+002    -  2.74e-003 7.13e-004f  1
  74 1.1792779e+007 2.41e+008 3.53e+015  -1.0 1.89e+002    -  3.28e-003 1.77e-003f  1
  75 1.1777959e+007 2.41e+008 3.52e+015  -1.0 1.91e+002    -  4.28e-002 1.81e-003f  1
  76 1.1743319e+007 2.41e+008 3.51e+015  -1.0 1.92e+002    -  5.01e-002 4.24e-003f  1
  77 1.1742880e+007 2.41e+008 3.51e+015  -1.0 1.95e+002    -  8.89e-003 5.39e-005f  1
  78 1.1740314e+007 2.41e+008 3.51e+015  -1.0 1.95e+002    -  1.04e-001 3.15e-004f  1
  79 1.1724725e+007 2.41e+008 3.50e+015  -1.0 1.96e+002    -  8.06e-002 1.92e-003f  1
iter    objective    inf_pr   inf_du lg(mu)  ||d||  lg(rg) alpha_du alpha_pr  ls
  80 1.1629406e+007 2.40e+008 3.44e+015  -1.0 1.96e+002    -  8.71e-004 1.66e-002f  1
  81 1.1615689e+007 2.40e+008 3.44e+015  -1.0 1.89e+002    -  1.21e-005 1.73e-003f  1
  82 1.1615667e+007 2.40e+008 3.44e+015  -1.0 1.90e+002    -  2.79e-004 2.80e-006f  1
  83 1.1615577e+007 2.40e+008 3.44e+015  -1.0 1.90e+002    -  2.92e-002 1.13e-005f  1
  84 1.1517755e+007 2.39e+008 3.39e+015  -1.0 1.90e+002    -  3.34e-004 1.25e-002f  1
  85 1.1517683e+007 2.39e+008 3.39e+015  -1.0 2.02e+002    -  3.36e-004 9.30e-006f  1
  86 1.1517679e+007 2.39e+008 3.39e+015  -1.0 2.02e+002    -  3.26e-006 5.46e-007f  1
  87 1.1517653e+007 2.39e+008 3.39e+015  -1.0 2.02e+002    -  8.82e-008 3.36e-006f  1
  88 1.1515086e+007 2.39e+008 3.39e+015  -1.0 2.02e+002    -  2.50e-006 3.32e-004f  1
  89 1.1515060e+007 2.39e+008 3.39e+015  -1.0 2.02e+002    -  1.10e-001 3.36e-006f  1
iter    objective    inf_pr   inf_du lg(mu)  ||d||  lg(rg) alpha_du alpha_pr  ls
  90 1.1500326e+007 2.39e+008 3.39e+015  -1.0 2.02e+002    -  2.48e-001 1.91e-003f  1
  91 1.1442604e+007 2.39e+008 3.36e+015  -1.0 2.04e+002    -  3.85e-002 7.56e-003f  1
  92 1.1441648e+007 2.38e+008 3.36e+015  -1.0 2.07e+002    -  3.48e-001 1.27e-004f  1
  93 1.1340942e+007 2.38e+008 3.32e+015  -1.0 2.07e+002    -  5.20e-002 1.36e-002f  2
  94 1.1283117e+007 2.37e+008 3.29e+015  -1.0 1.87e+002    -  5.12e-001 8.22e-003f  2
  95 1.1220443e+007 2.36e+008 3.20e+015  -1.0 1.56e+002    -  1.30e-001 2.65e-002f  1
  96 1.1216833e+007 2.36e+008 3.20e+015  -1.0 1.58e+002    -  5.25e-002 7.33e-004f  1
  97 1.1122783e+007 2.34e+008 3.09e+015  -1.0 1.58e+002    -  4.63e-002 3.60e-002f  1
  98 1.1126826e+007 2.34e+008 3.07e+015  -1.0 2.13e+002    -  5.63e-003 5.63e-003s 15
  99r1.1126826e+007 2.34e+008 1.00e+003   0.4 0.00e+000    -  0.00e+000 0.00e+000R  1
iter    objective    inf_pr   inf_du lg(mu)  ||d||  lg(rg) alpha_du alpha_pr  ls
 100r1.1116350e+007 2.34e+008 1.01e+003   0.4 1.01e+003    -  1.68e-002 1.86e-005f  1

Number of Iterations....: 100

                                   (scaled)                 (unscaled)
Objective...............:  1.1116350219796756e+014   1.1116350219796756e+007
Dual infeasibility......:  3.0657830840168110e+015   3.0657830840168107e+008
Constraint violation....:  2.3388375232106791e+000   2.3388375232106790e+008
Complementarity.........:  9.2881182349304652e+002   9.2881182349304649e-005
Overall NLP error.......:  1.9031975141779015e+015   3.0657830840168107e+008


Number of objective function evaluations             = 132
Number of objective gradient evaluations             = 93
Number of equality constraint evaluations            = 132
Number of inequality constraint evaluations          = 132
Number of equality constraint Jacobian evaluations   = 103
Number of inequality constraint Jacobian evaluations = 103
Number of Lagrangian Hessian evaluations             = 100
Total CPU secs in IPOPT (w/o function evaluations)   =      9.671
Total CPU secs in NLP function evaluations           =      2.381

EXIT: Maximum Number of Iterations Exceeded.
