This is Ipopt version 3.12, running with linear solver ma86.

Number of nonzeros in equality constraint Jacobian...:      653
Number of nonzeros in inequality constraint Jacobian.:    55852
Number of nonzeros in Lagrangian Hessian.............:     5220

Total number of variables............................:     5220
                     variables with only lower bounds:        0
                variables with lower and upper bounds:     5220
                     variables with only upper bounds:        0
Total number of equality constraints.................:        3
Total number of inequality constraints...............:       46
        inequality constraints with only lower bounds:        0
   inequality constraints with lower and upper bounds:       44
        inequality constraints with only upper bounds:        0

iter    objective    inf_pr   inf_du lg(mu)  ||d||  lg(rg) alpha_du alpha_pr  ls
   0 0.0000000e+000 2.24e+007 0.00e+000  -1.0 0.00e+000    -  0.00e+000 0.00e+000   0
   1 7.7721055e-003 2.13e+007 1.19e+000  -1.0 1.95e+002    -  2.17e-002 4.81e-002h  1
   2 1.1695916e+001 1.98e+007 8.59e+003  -1.0 8.52e+001    -  2.96e-002 7.15e-002h  1
   3 1.9982630e+001 1.60e+007 7.12e+003  -1.0 1.46e+002    -  7.18e-002 1.93e-001h  1
   4 3.9476152e+001 1.40e+007 2.02e+004  -1.0 1.02e+002    -  8.16e-002 1.25e-001h  1
   5 3.8641323e+001 1.04e+007 1.57e+004  -1.0 1.06e+002    -  1.42e-001 2.57e-001h  1
   6 1.2971045e+002 8.87e+006 1.91e+005  -1.0 7.24e+001    -  1.46e-001 1.46e-001h  1
   7 1.1031739e+002 6.41e+006 1.46e+005  -1.0 1.03e+002    -  2.85e-001 2.77e-001h  1
   8 9.3622058e+001 4.71e+006 1.14e+005  -1.0 6.56e+001    -  2.92e-001 2.65e-001f  1
   9 7.5765657e+001 3.04e+006 8.12e+004  -1.0 6.09e+001    -  3.13e-001 3.54e-001f  1
iter    objective    inf_pr   inf_du lg(mu)  ||d||  lg(rg) alpha_du alpha_pr  ls
  10 6.3913700e+001 2.18e+006 6.20e+004  -1.0 4.09e+001    -  5.44e-001 2.83e-001f  1
  11 4.9389036e+001 9.97e+005 3.76e+004  -1.0 2.44e+001    -  6.42e-001 5.43e-001f  1
  12 4.3184756e+001 7.29e+005 2.91e+004  -1.0 6.27e+001    -  3.82e-001 2.69e-001f  1
  13 4.0183045e+001 5.93e+005 2.43e+004  -1.0 1.37e+002    -  2.55e-001 1.86e-001f  1
  14 4.0841222e+001 4.42e+005 1.90e+004  -1.0 1.20e+002    -  4.86e-001 2.55e-001f  1
  15 4.0744472e+001 4.11e+005 1.77e+004  -1.0 1.19e+002    -  4.28e-001 7.06e-002f  1
  16 4.2025564e+001 3.43e+005 1.51e+004  -1.0 3.16e+002    -  2.95e-001 1.64e-001f  1
  17 5.1125266e+001 2.31e+005 1.11e+004  -1.0 1.76e+002    -  3.36e-001 3.26e-001f  1
  18 6.7743381e+001 1.67e+005 8.48e+003  -1.0 5.49e+001    -  3.74e-001 2.80e-001h  1
  19 1.0680955e+002 1.21e+005 6.53e+003  -1.0 2.07e+002    -  6.94e-001 2.73e-001h  1
iter    objective    inf_pr   inf_du lg(mu)  ||d||  lg(rg) alpha_du alpha_pr  ls
  20 6.7920160e+002 4.81e+004 1.37e+006  -1.0 1.15e+002    -  1.00e+000 6.03e-001h  1
  21 2.8431649e+003 2.73e+004 5.27e+007  -1.0 2.20e+001    -  1.00e+000 4.33e-001h  1
  22 1.5398581e+004 1.42e+004 3.38e+008  -1.0 1.25e+001    -  1.00e+000 4.79e-001h  1
  23 3.9638166e+004 8.34e+003 2.21e+009  -1.0 6.56e+000    -  1.00e+000 4.12e-001h  1
  24 8.8523161e+005 3.66e+003 2.52e+010  -1.0 3.85e+000    -  7.66e-001 5.61e-001h  1
  25 9.2215442e+005 3.12e+003 3.26e+010  -1.0 1.69e+000    -  1.00e+000 1.48e-001h  1
  26 1.0809936e+006 1.63e+003 2.09e+010  -1.0 1.44e+000    -  1.00e+000 4.79e-001h  1
  27 1.9784539e+007 9.08e+002 3.65e+012  -1.0 7.47e-001    -  4.54e-001 4.41e-001h  1
  28 1.8194286e+007 7.28e+002 3.01e+012  -1.0 6.86e-001    -  1.00e+000 1.98e-001f  1
  29 1.6943761e+007 5.30e+002 2.32e+012  -1.0 8.11e-001    -  1.00e+000 2.72e-001f  1
iter    objective    inf_pr   inf_du lg(mu)  ||d||  lg(rg) alpha_du alpha_pr  ls
  30 1.6853651e+007 4.86e+002 2.14e+012  -1.0 8.38e-001    -  1.00e+000 8.37e-002f  3
  31 1.6853328e+007 4.82e+002 2.12e+012  -1.0 8.81e-001    -  1.00e+000 7.52e-003f  7
  32 3.3450918e+007 2.49e+002 3.53e+013  -1.0 8.81e-001    -  1.00e+000 4.84e-001h  1
  33 3.8574563e+008 1.66e+002 3.89e+015  -1.0 8.03e-001    -  1.00e+000 3.31e-001h  1
  34 3.8203584e+008 1.04e+002 2.73e+015  -1.0 7.31e-001    -  1.00e+000 3.75e-001f  2
  35 5.3397783e+008 7.43e+001 2.08e+015  -1.0 5.84e-001    -  1.00e+000 2.86e-001h  1
  36 3.9489804e+009 2.30e+001 3.25e+016  -1.0 4.92e-001    -  1.00e+000 6.91e-001h  1
  37 1.0053555e+010 1.92e+001 8.43e+017  -1.0 3.06e-001    -  9.27e-001 1.64e-001h  1
  38 1.5668408e+010 1.41e+001 6.54e+017  -1.0 3.01e-001    -  1.00e+000 2.65e-001h  1
  39 6.3104683e+011 9.74e+000 5.98e+020  -1.0 2.94e-001    -  1.00e+000 3.10e-001h  1
iter    objective    inf_pr   inf_du lg(mu)  ||d||  lg(rg) alpha_du alpha_pr  ls
  40 5.1780446e+011 5.73e+000 4.06e+020  -1.0 3.01e-001    -  1.00e+000 4.12e-001f  2
  41 4.7763811e+011 4.18e+000 3.14e+020  -1.0 3.24e-001    -  1.00e+000 2.69e-001f  2
  42 4.7396111e+011 3.24e+000 2.53e+020  -1.0 3.54e-001    -  1.00e+000 2.25e-001f  3
  43 1.7157029e+013 2.90e-001 1.55e+020  -1.0 3.81e-001    -  1.00e+000 9.11e-001h  1
  44 1.7196454e+013 2.87e-001 1.54e+020  -1.0 4.33e-001    -  1.02e-001 7.99e-003h  1
  45 1.8161836e+013 2.78e-001 1.49e+020  -1.0 4.37e-001    -  1.00e+000 3.29e-002h  1
  46 2.1898794e+013 2.50e-001 1.35e+020  -1.0 4.81e-001    -  1.00e+000 1.02e-001h  1
  47 2.1924231e+013 2.49e-001 1.35e+020  -1.0 4.68e-001    -  1.00e+000 6.25e-004h  1
  48r2.1924231e+013 2.49e-001 1.00e+003  -1.0 0.00e+000    -  0.00e+000 3.99e-007R  5
  49r1.9949902e+014 3.15e-001 1.21e+005  -1.0 1.80e+000    -  1.49e-002 2.81e-004f  1
iter    objective    inf_pr   inf_du lg(mu)  ||d||  lg(rg) alpha_du alpha_pr  ls
  50r2.4325442e+011 1.55e+001 6.94e+004  -1.0 1.80e+000    -  2.67e-002 7.88e-002f  1
  51r1.9280119e+009 1.68e+002 1.00e-006  -1.0 1.66e+000    -  1.00e+000 1.00e+000f  1
  52r6.9298097e+010 4.44e+001 4.92e-003  -1.7 2.28e-001    -  1.00e+000 1.00e+000f  1
  53r9.3424354e+012 6.09e+000 2.37e-003  -2.5 3.00e-001    -  1.00e+000 1.00e+000f  1
  54r1.3600662e+014 1.69e-001 9.35e-001  -3.8 2.14e-001    -  1.00e+000 9.93e-001f  1
  55 1.1153534e+014 1.16e-001 4.90e+023  -1.0 8.54e-002    -  9.90e-001 3.13e-001f  1
  56 1.1132541e+014 1.16e-001 4.88e+023  -1.0 8.24e-001    -  3.55e-002 2.83e-003f  1
  57 1.1132332e+014 1.16e-001 4.88e+023  -1.0 8.36e-001    -  1.61e-001 2.83e-005f  1
In iteration 57, 1 Slack too small, adjusting variable bound
  58 1.1132329e+014 1.16e-001 4.88e+023  -1.0 9.15e-001    -  7.22e-002 3.39e-007f  1
  59 1.1045042e+014 1.14e-001 4.83e+023  -1.0 9.53e-001    -  4.40e-001 1.19e-002f  1
iter    objective    inf_pr   inf_du lg(mu)  ||d||  lg(rg) alpha_du alpha_pr  ls
  60 1.0073572e+014 9.82e-002 4.20e+023  -1.0 1.24e+000    -  2.51e-002 1.43e-001f  1
  61 1.0064527e+014 9.80e-002 4.19e+023  -1.0 1.14e+000    -  1.00e+000 1.36e-003f  1
  62 1.0064436e+014 9.80e-002 4.19e+023  -1.0 1.89e+000    -  2.10e-001 1.36e-005f  1
In iteration 62, 1 Slack too small, adjusting variable bound
  63 1.0063944e+014 9.80e-002 4.19e+023  -1.0 1.89e+000    -  1.00e+000 7.47e-005f  1
In iteration 63, 1 Slack too small, adjusting variable bound
  64 9.8907503e+013 9.54e-002 4.08e+023  -1.0 1.90e+000    -  1.99e-001 2.66e-002f  1
In iteration 64, 1 Slack too small, adjusting variable bound
  65 9.8890390e+013 9.54e-002 4.08e+023  -1.0 1.85e+000    -  1.00e+000 2.65e-004f  1
In iteration 65, 1 Slack too small, adjusting variable bound
  66 9.8780602e+013 9.52e-002 4.08e+023  -1.0 1.85e+000    -  3.02e-001 1.71e-003f  1
In iteration 66, 1 Slack too small, adjusting variable bound
  67 9.8409811e+013 9.47e-002 4.05e+023  -1.0 1.84e+000    -  1.00e+000 5.83e-003f  1
In iteration 67, 1 Slack too small, adjusting variable bound
  68 9.5756750e+013 9.06e-002 3.88e+023  -1.0 1.83e+000    -  3.18e-001 4.29e-002f  1
In iteration 68, 1 Slack too small, adjusting variable bound
  69 9.5723588e+013 9.05e-002 3.88e+023  -1.0 1.75e+000    -  1.00e+000 5.41e-004f  1
In iteration 69, 1 Slack too small, adjusting variable bound
iter    objective    inf_pr   inf_du lg(mu)  ||d||  lg(rg) alpha_du alpha_pr  ls
  70 9.4704940e+013 8.90e-002 3.82e+023  -1.0 1.75e+000    -  4.48e-001 1.70e-002f  1
In iteration 70, 1 Slack too small, adjusting variable bound
  71 9.3873715e+013 8.77e-002 3.76e+023  -1.0 1.72e+000    -  1.00e+000 1.41e-002f  1
In iteration 71, 1 Slack too small, adjusting variable bound
  72 9.2506438e+013 8.56e-002 3.67e+023  -1.0 1.70e+000    -  5.36e-001 2.42e-002f  1
In iteration 72, 1 Slack too small, adjusting variable bound
  73 9.1368090e+013 8.37e-002 3.59e+023  -1.0 1.66e+000    -  1.00e+000 2.19e-002f  1
In iteration 73, 1 Slack too small, adjusting variable bound
  74 8.9547200e+013 8.06e-002 3.46e+023  -1.0 1.62e+000    -  8.62e-001 3.77e-002f  1
In iteration 74, 1 Slack too small, adjusting variable bound
  75 8.8619109e+013 7.90e-002 3.39e+023  -1.0 1.56e+000    -  1.00e+000 1.99e-002f  1
In iteration 75, 1 Slack too small, adjusting variable bound
  76 8.5762352e+013 7.39e-002 3.19e+023  -1.0 1.53e+000    -  1.00e+000 6.39e-002f  1
In iteration 76, 1 Slack too small, adjusting variable bound
  77 8.5535227e+013 7.36e-002 3.17e+023  -1.0 1.44e+000    -  1.00e+000 5.21e-003f  1
In iteration 77, 1 Slack too small, adjusting variable bound
  78 8.3057566e+013 6.92e-002 2.99e+023  -1.0 1.43e+000    -  1.00e+000 5.92e-002f  1
In iteration 78, 1 Slack too small, adjusting variable bound
  79 8.2579900e+013 6.84e-002 2.95e+023  -1.0 1.34e+000    -  1.00e+000 1.17e-002f  1
In iteration 79, 3 Slacks too small, adjusting variable bounds
iter    objective    inf_pr   inf_du lg(mu)  ||d||  lg(rg) alpha_du alpha_pr  ls
  80 6.1713606e+013 2.03e-002 1.57e+023  -1.0 1.33e+000    -  1.00e+000 7.03e-001f  1
In iteration 80, 3 Slacks too small, adjusting variable bounds
  81 4.4766913e+013 7.93e-004 6.82e+022  -1.0 4.01e-001    -  8.04e-001 9.61e-001f  1
In iteration 81, 6 Slacks too small, adjusting variable bounds
  82 3.5235126e+013 5.13e-005 3.02e+022  -1.0 1.65e-002    -  4.24e-001 9.35e-001f  1
In iteration 82, 6 Slacks too small, adjusting variable bounds
  83 3.3998813e+013 4.37e-005 2.62e+022  -1.0 1.07e-003    -  5.61e-001 1.48e-001f  1
In iteration 83, 6 Slacks too small, adjusting variable bounds
  84 3.3831747e+013 4.25e-005 2.54e+022  -1.0 9.12e-004    -  1.00e+000 2.91e-002f  1
In iteration 84, 6 Slacks too small, adjusting variable bounds
  85 3.2680117e+013 3.54e-005 2.16e+022  -1.0 8.86e-004    -  1.00e+000 1.66e-001f  1
In iteration 85, 16 Slacks too small, adjusting variable bounds
  86 2.8235223e+013 1.49e-006 9.42e+021  -1.0 7.39e-004    -  1.00e+000 9.58e-001f  1
In iteration 86, 16 Slacks too small, adjusting variable bounds
  87 2.8207047e+013 1.48e-006 9.35e+021  -1.0 3.12e-005    -  1.00e+000 7.25e-003f  1
In iteration 87, 16 Slacks too small, adjusting variable bounds
  88 2.8206766e+013 1.48e-006 9.35e+021  -1.0 3.09e-005    -  1.00e+000 7.23e-005f  1
In iteration 88, 16 Slacks too small, adjusting variable bounds
  89 2.8206658e+013 1.48e-006 9.35e+021  -1.0 3.09e-005    -  1.00e+000 2.81e-005f  1
In iteration 89, 26 Slacks too small, adjusting variable bounds
iter    objective    inf_pr   inf_du lg(mu)  ||d||  lg(rg) alpha_du alpha_pr  ls
  90 2.5854920e+013 1.54e-007 4.27e+021  -1.0 3.09e-005    -  1.00e+000 8.96e-001f  1
In iteration 90, 26 Slacks too small, adjusting variable bounds
  91 2.5839740e+013 1.53e-007 4.24e+021  -1.0 3.21e-006    -  1.00e+000 6.88e-003f  1
In iteration 91, 26 Slacks too small, adjusting variable bounds
  92 2.5839589e+013 1.53e-007 4.24e+021  -1.0 3.19e-006    -  1.00e+000 6.87e-005f  1
In iteration 92, 26 Slacks too small, adjusting variable bounds
  93 2.5839259e+013 1.53e-007 4.24e+021  -1.0 3.19e-006    -  1.00e+000 1.51e-004f  1
In iteration 93, 27 Slacks too small, adjusting variable bounds
  94 2.4420359e+013 2.05e-009 1.80e+021  -1.0 3.19e-006    -  1.00e+000 9.87e-001f  1
In iteration 94, 27 Slacks too small, adjusting variable bounds
  95 2.3650280e+013 5.34e-011 7.74e+020  -1.0 7.94e-008    -  1.00e+000 9.74e-001f  1
In iteration 95, 27 Slacks too small, adjusting variable bounds
  96 2.3219843e+013 9.09e-013 3.29e+020  -1.0 3.66e-007    -  1.00e+000 9.83e-001f  1
In iteration 96, 27 Slacks too small, adjusting variable bounds
  97 2.3012673e+013 2.71e-013 1.74e+020  -1.0 4.42e-006    -  2.23e-001 7.02e-001f  1
In iteration 97, 27 Slacks too small, adjusting variable bounds
  98 2.2858724e+013 3.14e-015 7.28e+019  -1.0 1.63e-008    -  1.00e+000 9.88e-001f  1
In iteration 98, 27 Slacks too small, adjusting variable bounds
  99 2.2778337e+013 3.55e-017 2.96e+019  -1.0 1.31e-008    -  1.00e+000 9.87e-001f  1
In iteration 99, 27 Slacks too small, adjusting variable bounds
iter    objective    inf_pr   inf_du lg(mu)  ||d||  lg(rg) alpha_du alpha_pr  ls
 100 2.2740535e+013 1.40e-018 1.12e+019  -1.0 1.50e-008    -  1.00e+000 9.86e-001f  1

Number of Iterations....: 100

                                   (scaled)                 (unscaled)
Objective...............:  2.2740534977937051e+013   2.2740534977937051e+013
Dual infeasibility......:  1.1233699701498411e+019   1.1233699701498411e+019
Constraint violation....:  7.5604307987346729e-022   1.4026865606531214e-018
Complementarity.........:  5.0725920887405864e+003   5.0725920887405864e+003
Overall NLP error.......:  2.6181711608107389e+003   1.1233699701498411e+019


Number of objective function evaluations             = 119
Number of objective gradient evaluations             = 96
Number of equality constraint evaluations            = 119
Number of inequality constraint evaluations          = 119
Number of equality constraint Jacobian evaluations   = 102
Number of inequality constraint Jacobian evaluations = 102
Number of Lagrangian Hessian evaluations             = 100
Total CPU secs in IPOPT (w/o function evaluations)   =      5.336
Total CPU secs in NLP function evaluations           =      1.041

EXIT: Maximum Number of Iterations Exceeded.
