This is Ipopt version 3.12, running with linear solver ma86.

Number of nonzeros in equality constraint Jacobian...:    12087
Number of nonzeros in inequality constraint Jacobian.:   222242
Number of nonzeros in Lagrangian Hessian.............:    11906

Total number of variables............................:    11906
                     variables with only lower bounds:        0
                variables with lower and upper bounds:    11906
                     variables with only upper bounds:        0
Total number of equality constraints.................:        2
Total number of inequality constraints...............:       49
        inequality constraints with only lower bounds:        0
   inequality constraints with lower and upper bounds:       43
        inequality constraints with only upper bounds:        0

iter    objective    inf_pr   inf_du lg(mu)  ||d||  lg(rg) alpha_du alpha_pr  ls
   0 0.0000000e+000 6.32e+003 0.00e+000  -1.0 0.00e+000    -  0.00e+000 0.00e+000   0
   1 3.9343038e-003 5.95e+003 2.76e-001  -1.0 8.00e+001    -  4.52e-002 5.83e-002h  1
   2 1.4231057e+001 5.50e+003 8.27e+003  -1.0 9.89e+001    -  1.18e-002 7.55e-002h  1
   3 9.0984251e+001 4.87e+003 1.01e+005  -1.0 9.34e+001    -  1.27e-001 1.14e-001h  1
   4 7.9857059e+001 3.65e+003 7.92e+004  -1.0 7.67e+001    -  8.59e-002 2.50e-001h  1
   5 7.2304835e+001 3.07e+003 6.80e+004  -1.0 5.90e+001    -  1.72e-001 1.57e-001h  1
   6 7.4656609e+001 2.28e+003 5.31e+004  -1.0 6.03e+001    -  2.17e-001 2.58e-001h  1
   7 6.6339407e+001 1.83e+003 4.39e+004  -1.0 4.41e+001    -  1.78e-001 1.95e-001h  1
   8 5.1305413e+001 1.01e+003 2.90e+004  -1.0 4.06e+001    -  2.48e-001 4.45e-001h  1
   9 3.2363763e+001 1.78e+002 1.42e+004  -1.0 2.17e+001    -  4.24e-001 8.10e-001f  1
iter    objective    inf_pr   inf_du lg(mu)  ||d||  lg(rg) alpha_du alpha_pr  ls
  10 2.1672494e+001 4.17e+001 7.58e+003  -1.0 4.00e+001    -  3.69e-001 6.95e-001f  1
  11 1.5100003e+001 2.33e+000 4.25e+003  -1.0 4.43e+001    -  4.88e-001 6.39e-001f  1
  12 1.2516418e+001 4.54e-001 3.11e+003  -1.0 3.65e+001    -  3.27e-001 3.29e-001f  1
  13 1.0928942e+001 2.51e-001 2.36e+003  -1.0 4.60e+001    -  5.83e-001 2.91e-001f  1
  14 8.0820958e+000 0.00e+000 1.36e+003  -1.0 5.11e+001    -  5.55e-001 6.05e-001f  1
  15 5.6906352e+000 1.14e-013 6.50e+002  -1.0 9.25e+001    -  7.14e-001 8.35e-001f  1
  16 4.1874548e+000 0.00e+000 3.07e+002  -1.0 4.02e+001    -  1.00e+000 8.49e-001f  1
  17 3.1585191e+000 0.00e+000 1.29e+002  -1.0 3.38e+001    -  1.00e+000 1.00e+000f  1
  18 2.5986032e+000 0.00e+000 5.36e+001  -1.0 4.36e+000    -  1.00e+000 1.00e+000f  1
  19 2.2970343e+000 0.00e+000 2.18e+001  -1.0 2.59e+000    -  1.00e+000 1.00e+000f  1
iter    objective    inf_pr   inf_du lg(mu)  ||d||  lg(rg) alpha_du alpha_pr  ls
  20 2.1456652e+000 0.00e+000 8.25e+000  -1.0 1.58e-001    -  1.00e+000 1.00e+000f  1
  21 2.0743079e+000 0.00e+000 2.66e+000  -1.0 5.38e-002    -  1.00e+000 1.00e+000f  1
  22 2.0457351e+000 0.00e+000 5.62e-001  -1.0 2.31e-002    -  1.00e+000 1.00e+000f  1
  23 1.7144661e+000 0.00e+000 9.12e-001  -1.7 2.89e+000    -  9.64e-001 1.00e+000f  1
  24 1.4417300e+000 0.00e+000 3.88e-001  -1.7 6.02e+000    -  1.00e+000 1.00e+000f  1
  25 1.3757985e+000 0.00e+000 4.65e-002  -1.7 5.46e-001    -  1.00e+000 1.00e+000f  1
  26 1.1494431e+000 0.00e+000 3.08e-001  -2.5 8.20e+000    -  8.25e-001 1.00e+000f  1
  27 9.3161178e-001 0.00e+000 1.01e-001  -2.5 1.82e+001    -  1.00e+000 1.00e+000f  1
  28 8.3690923e-001 0.00e+000 2.09e-002  -2.5 6.42e+000    -  1.00e+000 1.00e+000f  1
  29 6.7349522e-001 0.00e+000 6.72e-002  -3.8 1.80e+001    -  6.52e-001 1.00e+000f  1
iter    objective    inf_pr   inf_du lg(mu)  ||d||  lg(rg) alpha_du alpha_pr  ls
  30 5.3896997e-001 0.00e+000 2.56e-002  -3.8 2.18e+001    -  4.68e-001 1.00e+000f  1
  31 4.5441078e-001 0.00e+000 7.56e-003  -3.8 2.29e+001    -  7.17e-001 1.00e+000f  1
  32 3.9556303e-001 0.00e+000 1.62e-003  -3.8 1.82e+001    -  1.00e+000 1.00e+000f  1
  33 3.7377373e-001 0.00e+000 1.43e-004  -3.8 5.05e+000    -  1.00e+000 1.00e+000f  1
  34 2.9819259e-001 0.00e+000 3.93e-003  -5.7 2.02e+001    -  4.04e-001 1.00e+000f  1
  35 2.7091834e-001 0.00e+000 1.88e-003  -5.7 3.09e+001    -  5.32e-001 6.98e-001f  1
  36 2.4852638e-001 0.00e+000 1.11e-003  -5.7 1.61e+001    -  4.96e-001 1.00e+000f  1
  37 2.4311630e-001 0.00e+000 5.85e-004  -5.7 8.93e+000    -  5.09e-001 1.00e+000f  1
  38 2.4208528e-001 0.00e+000 4.60e-005  -5.7 4.04e+000    -  9.26e-001 1.00e+000f  1
  39 2.4188836e-001 0.00e+000 1.35e-007  -5.7 1.58e+000    -  1.00e+000 1.00e+000f  1
iter    objective    inf_pr   inf_du lg(mu)  ||d||  lg(rg) alpha_du alpha_pr  ls
  40 2.4157039e-001 0.00e+000 1.35e-005  -8.6 3.26e+000    -  8.43e-001 9.83e-001f  1
  41 2.4156560e-001 0.00e+000 1.09e-007  -8.6 3.10e-001    -  9.92e-001 1.00e+000f  1
  42 2.4156554e-001 0.00e+000 6.19e-010  -8.6 9.25e-002    -  1.00e+000 1.00e+000h  1

Number of Iterations....: 42

                                   (scaled)                 (unscaled)
Objective...............:  2.4156554065866503e-001   2.4156554065866503e-001
Dual infeasibility......:  6.1873501445373499e-010   6.1873501445373499e-010
Constraint violation....:  0.0000000000000000e+000   0.0000000000000000e+000
Complementarity.........:  4.3351542470671674e-009   4.3351542470671674e-009
Overall NLP error.......:  4.3351542470671674e-009   4.3351542470671674e-009


Number of objective function evaluations             = 43
Number of objective gradient evaluations             = 43
Number of equality constraint evaluations            = 43
Number of inequality constraint evaluations          = 43
Number of equality constraint Jacobian evaluations   = 43
Number of inequality constraint Jacobian evaluations = 43
Number of Lagrangian Hessian evaluations             = 42
Total CPU secs in IPOPT (w/o function evaluations)   =      8.521
Total CPU secs in NLP function evaluations           =      1.233

EXIT: Optimal Solution Found.
