This is Ipopt version 3.12, running with linear solver ma86.

Number of nonzeros in equality constraint Jacobian...:      205
Number of nonzeros in inequality constraint Jacobian.:   147977
Number of nonzeros in Lagrangian Hessian.............:    10640

Total number of variables............................:    10640
                     variables with only lower bounds:        0
                variables with lower and upper bounds:    10640
                     variables with only upper bounds:        0
Total number of equality constraints.................:        1
Total number of inequality constraints...............:       52
        inequality constraints with only lower bounds:        0
   inequality constraints with lower and upper bounds:       50
        inequality constraints with only upper bounds:        0

iter    objective    inf_pr   inf_du lg(mu)  ||d||  lg(rg) alpha_du alpha_pr  ls
   0 0.0000000e+000 2.12e+003 0.00e+000  -1.0 0.00e+000    -  0.00e+000 0.00e+000   0
   1 2.6709964e-002 1.81e+003 1.05e-001  -1.0 4.31e+001    -  1.32e-001 1.45e-001h  1
   2 5.5542390e+000 9.84e+002 8.83e+002  -1.0 6.66e+001    -  3.31e-002 4.56e-001h  1
   3 1.8122802e+001 1.59e+002 7.38e+003  -1.0 3.82e+001    -  2.05e-001 8.34e-001h  1
   4 1.1079708e+001 0.00e+000 3.12e+003  -1.0 1.18e+001    -  6.95e-001 1.00e+000h  1
   5 6.9030486e+000 0.00e+000 1.32e+003  -1.0 1.93e+001    -  7.18e-001 1.00e+000f  1
   6 6.2211466e+000 0.00e+000 7.38e+002  -1.0 4.39e+001    -  6.73e-001 6.43e-001f  1
   7 4.8746825e+000 0.00e+000 3.67e+002  -1.0 6.39e+001    -  6.63e-001 7.91e-001f  1
   8 4.2829591e+000 0.00e+000 1.78e+002  -1.0 1.25e+002    -  9.41e-001 8.19e-001f  1
   9 4.2438568e+000 1.14e-013 7.58e+001  -1.0 1.45e+002    -  1.00e+000 1.00e+000f  1
iter    objective    inf_pr   inf_du lg(mu)  ||d||  lg(rg) alpha_du alpha_pr  ls
  10 3.9231089e+000 0.00e+000 3.22e+001  -1.0 5.64e+001    -  1.00e+000 1.00e+000f  1
  11 3.7057103e+000 0.00e+000 1.39e+001  -1.0 2.35e+001    -  1.00e+000 1.00e+000f  1
  12 3.5929923e+000 1.14e-013 5.94e+000  -1.0 3.58e+000    -  1.00e+000 1.00e+000f  1
  13 3.5335308e+000 0.00e+000 2.53e+000  -1.0 1.45e+000    -  1.00e+000 1.00e+000f  1
  14 3.5053244e+000 0.00e+000 1.02e+000  -1.0 4.09e-001    -  1.00e+000 1.00e+000f  1
  15 3.4931000e+000 0.00e+000 3.51e-001  -1.0 9.52e-002    -  1.00e+000 1.00e+000f  1
  16 3.3705794e+000 1.14e-013 2.29e-002  -1.7 5.35e+000    -  1.00e+000 1.00e+000f  1
  17 2.9179996e+000 1.14e-013 1.25e-001  -3.8 1.94e+001    -  3.05e-001 1.00e+000f  1
  18 2.4382140e+000 0.00e+000 5.45e-002  -3.8 3.27e+001    -  5.00e-001 1.00e+000f  1
  19 2.0240980e+000 1.14e-013 2.60e-002  -3.8 4.04e+001    -  4.56e-001 1.00e+000f  1
iter    objective    inf_pr   inf_du lg(mu)  ||d||  lg(rg) alpha_du alpha_pr  ls
  20 1.7165189e+000 1.14e-013 1.01e-002  -3.8 4.44e+001    -  5.82e-001 1.00e+000f  1
  21 1.4819484e+000 0.00e+000 4.51e-003  -3.8 5.06e+001    -  6.11e-001 1.00e+000f  1
  22 1.3413394e+000 1.14e-013 2.86e-003  -3.8 3.95e+001    -  5.06e-001 1.00e+000f  1
  23 1.2814528e+000 1.14e-013 1.22e-003  -3.8 2.20e+001    -  7.32e-001 1.00e+000f  1
  24 1.2277679e+000 0.00e+000 1.56e-003  -5.7 4.13e+001    -  2.81e-001 6.01e-001f  1
  25 1.1837589e+000 0.00e+000 1.46e-003  -5.7 2.97e+001    -  4.42e-001 1.00e+000f  1
  26 1.1726894e+000 0.00e+000 2.40e-004  -5.7 9.79e+000    -  8.50e-001 1.00e+000f  1
  27 1.1690732e+000 0.00e+000 2.87e-005  -5.7 1.04e+001    -  8.96e-001 9.72e-001f  1
  28 1.1685057e+000 0.00e+000 1.36e-006  -5.7 9.80e-001    -  1.00e+000 1.00e+000f  1
  29 1.1682665e+000 0.00e+000 6.39e-006  -8.6 1.00e+000    -  7.88e-001 9.98e-001f  1
iter    objective    inf_pr   inf_du lg(mu)  ||d||  lg(rg) alpha_du alpha_pr  ls
  30 1.1682625e+000 0.00e+000 6.12e-007  -8.6 1.71e-001    -  8.57e-001 1.00e+000f  1
  31 1.1682623e+000 0.00e+000 1.18e-009  -8.6 6.60e-002    -  1.00e+000 1.00e+000h  1
  32 1.1682622e+000 0.00e+000 2.90e-011  -8.6 3.26e-002    -  1.00e+000 1.00e+000h  1

Number of Iterations....: 32

                                   (scaled)                 (unscaled)
Objective...............:  1.1682622095327635e+000   1.1682622095327635e+000
Dual infeasibility......:  2.9028318166781254e-011   2.9028318166781254e-011
Constraint violation....:  0.0000000000000000e+000   0.0000000000000000e+000
Complementarity.........:  9.0061318820278538e-009   9.0061318820278538e-009
Overall NLP error.......:  9.0061318820278538e-009   9.0061318820278538e-009


Number of objective function evaluations             = 33
Number of objective gradient evaluations             = 33
Number of equality constraint evaluations            = 33
Number of inequality constraint evaluations          = 33
Number of equality constraint Jacobian evaluations   = 33
Number of inequality constraint Jacobian evaluations = 33
Number of Lagrangian Hessian evaluations             = 32
Total CPU secs in IPOPT (w/o function evaluations)   =      4.233
Total CPU secs in NLP function evaluations           =      0.582

EXIT: Optimal Solution Found.
