This is Ipopt version 3.12, running with linear solver ma86.

Number of nonzeros in equality constraint Jacobian...:      592
Number of nonzeros in inequality constraint Jacobian.:   257851
Number of nonzeros in Lagrangian Hessian.............:    24287

Total number of variables............................:    24287
                     variables with only lower bounds:        0
                variables with lower and upper bounds:    24287
                     variables with only upper bounds:        0
Total number of equality constraints.................:        1
Total number of inequality constraints...............:       52
        inequality constraints with only lower bounds:        0
   inequality constraints with lower and upper bounds:       52
        inequality constraints with only upper bounds:        0

iter    objective    inf_pr   inf_du lg(mu)  ||d||  lg(rg) alpha_du alpha_pr  ls
   0 0.0000000e+000 4.35e+003 0.00e+000  -1.0 0.00e+000    -  0.00e+000 0.00e+000   0
   1 1.7005143e-008 4.35e+003 3.75e+000  -1.0 8.68e+002    -  5.42e-004 1.14e-004h  1
   2 1.4040633e-006 4.35e+003 1.87e+000  -1.0 4.21e+003    -  1.46e-005 7.91e-004h  1
   3 2.9837702e-006 4.35e+003 5.76e+000  -1.0 4.22e+003    -  1.04e-003 4.04e-004h  1
   4r2.9837702e-006 4.35e+003 9.99e+002   3.3 0.00e+000    -  0.00e+000 2.53e-007R  5
   5r1.4365716e-003 3.63e+003 9.99e+002   3.3 1.03e+006    -  1.07e-004 3.31e-004f  1
   6r2.6741611e+000 2.41e+003 9.98e+002   1.9 9.21e+005    -  1.66e-003 6.36e-004f  1
   7 2.6740834e+000 2.41e+003 8.52e+002  -1.0 8.76e+002    -  1.11e-002 4.67e-005h  1
   8 2.6740193e+000 2.41e+003 1.43e+003  -1.0 4.17e+003    -  1.29e-003 3.87e-005h  1
   9 2.6739930e+000 2.41e+003 3.28e+006  -1.0 4.21e+003    -  3.59e-002 1.59e-005h  1
iter    objective    inf_pr   inf_du lg(mu)  ||d||  lg(rg) alpha_du alpha_pr  ls
  10r2.6739930e+000 2.41e+003 1.00e+003   3.2 0.00e+000    -  0.00e+000 1.74e-007R  2
  11r3.6883838e+001 1.96e+003 1.00e+003   3.2 5.89e+005    -  2.92e-004 3.63e-004f  1
  12r3.6883838e+001 1.96e+003 9.99e+002   3.1 0.00e+000    -  0.00e+000 3.76e-007R  2
  13r3.9901129e+001 1.66e+003 9.98e+002   3.1 5.14e+005    -  9.38e-004 3.19e-004f  1
  14 3.9887787e+001 1.66e+003 4.69e+004  -1.0 8.85e+002    -  1.06e-002 5.05e-004h  1
  15r3.9887787e+001 1.66e+003 9.99e+002   3.1 0.00e+000    -  0.00e+000 3.05e-007R  6
  16r2.5463425e-001 1.33e+003 9.98e+002   3.1 4.86e+005    -  1.90e-003 3.88e-004f  1
  17 2.5509294e-001 1.32e+003 6.85e+000  -1.0 8.89e+002    -  8.71e-003 2.44e-003h  1
  18 2.5509767e-001 1.32e+003 2.46e+001  -1.0 8.73e+002    -  5.94e-002 2.49e-005h  1
  19 2.5513735e-001 1.32e+003 1.22e+002  -1.0 4.21e+003    -  1.00e-003 2.00e-004h  1
iter    objective    inf_pr   inf_du lg(mu)  ||d||  lg(rg) alpha_du alpha_pr  ls
  20r2.5513735e-001 1.32e+003 9.99e+002   3.0 0.00e+000    -  0.00e+000 2.51e-007R  4
  21r1.5252284e+001 1.04e+003 9.98e+002   3.0 4.49e+005    -  5.35e-003 3.97e-004f  1
  22r7.3713656e+001 9.18e+002 9.95e+002   2.3 1.71e+005    -  1.06e-002 3.07e-003f  1
  23r7.3713656e+001 9.18e+002 9.99e+002   3.0 0.00e+000    -  0.00e+000 2.51e-007R  6
  24r4.2815008e-001 9.16e+002 1.14e+003   3.0 1.06e+005    -  2.88e-002 3.77e-004f  1
  25r1.1276586e+000 9.00e+002 1.14e+003   2.3 2.66e+004    -  1.96e-002 1.78e-002f  1
  26r1.5064868e+000 8.95e+002 1.15e+003   2.3 9.09e+003    -  3.06e-002 2.10e-002f  1
  27r1.8028790e+000 8.92e+002 1.06e+003   2.3 3.19e+003    -  5.36e-003 2.87e-002f  1
  28r1.9207221e+000 8.90e+002 1.15e+003   2.3 2.28e+003    -  6.44e-002 2.74e-002f  1
  29r2.1313889e+000 8.89e+002 1.45e+003   2.3 1.84e+003    -  1.52e-001 5.31e-002f  1
iter    objective    inf_pr   inf_du lg(mu)  ||d||  lg(rg) alpha_du alpha_pr  ls
  30r2.1752610e+000 8.88e+002 2.92e+003   2.3 3.51e+002    -  8.43e-001 8.71e-002f  1
  31r2.2945176e+000 8.87e+002 1.08e+003   2.3 7.40e+001    -  1.00e+000 6.19e-001f  1
  32r2.2404239e+000 8.87e+002 1.84e-003   2.3 1.56e+001    -  1.00e+000 1.00e+000f  1
  33r2.2417416e+000 8.87e+002 8.74e+002   0.9 2.38e+001    -  3.56e-001 1.26e-001f  1
  34r2.2478942e+000 8.87e+002 1.08e+003   0.9 1.15e+001    -  2.75e-001 1.43e-001f  1
  35r2.2471004e+000 8.87e+002 1.09e+003   0.9 8.93e+000    -  6.02e-001 3.75e-001f  1
  36r2.2445397e+000 8.87e+002 1.06e+003   0.9 6.80e+000    -  8.62e-001 3.76e-001f  1
  37r2.2817298e+000 8.87e+002 7.34e-005   0.9 7.56e+000    -  1.00e+000 1.00e+000f  1
  38r2.4328502e+000 8.87e+002 5.21e+001   0.2 7.24e+000    -  6.23e-001 1.00e+000f  1
  39r2.4603735e+000 8.87e+002 1.47e-005   0.2 1.97e+000    -  1.00e+000 1.00e+000f  1
iter    objective    inf_pr   inf_du lg(mu)  ||d||  lg(rg) alpha_du alpha_pr  ls
  40r2.9514767e+000 8.87e+002 2.11e+001  -1.2 7.20e+000    -  3.63e-001 1.00e+000f  1
  41r3.0416736e+000 8.87e+002 2.17e+000  -1.2 1.83e+000    -  9.24e-001 1.00e+000f  1
  42r3.5311690e+000 8.87e+002 3.59e-002  -1.2 7.37e+000    -  1.00e+000 9.01e-001f  1
  43r5.0949895e+000 8.87e+002 1.23e+000  -2.9 1.58e+001    -  4.92e-001 5.98e-001f  1
  44r5.7389783e+000 8.87e+002 9.09e-001  -2.9 1.36e+000    -  5.82e-001 1.00e+000f  1
  45r7.1354952e+000 8.87e+002 1.18e-001  -2.9 2.27e+000    -  8.73e-001 1.00e+000f  1
  46r1.3632861e+001 8.87e+002 4.61e-003  -2.9 4.04e+000    -  9.66e-001 1.00e+000f  1
  47r8.3075525e+001 8.87e+002 1.65e-001  -4.3 5.50e+000    -  7.00e-001 8.65e-001f  1
  48r1.0128882e+002 8.87e+002 3.01e-002  -4.3 3.07e-001    -  8.40e-001 1.00e+000f  1
  49r1.8707728e+002 8.87e+002 4.55e-010  -4.3 7.74e-001    -  1.00e+000 1.00e+000f  1
iter    objective    inf_pr   inf_du lg(mu)  ||d||  lg(rg) alpha_du alpha_pr  ls
  50r1.4923570e+004 8.87e+002 3.51e-002  -6.5 1.72e+000    -  7.19e-001 9.64e-001f  1
  51r1.5867601e+004 8.87e+002 3.71e-012  -6.5 1.64e-001    -  1.00e+000 1.00e+000f  1
  52r3.4470845e+007 8.87e+002 2.97e-003  -9.0 2.03e+000    -  7.38e-001 9.93e-001f  1
  53r3.0885514e+007 8.87e+002 1.06e-005  -9.0 3.99e-002    -  9.96e-001 1.00e+000f  1

Number of Iterations....: 53

                                   (scaled)                 (unscaled)
Objective...............:  1.4473645454351816e+007   1.4473645454351816e+007
Dual infeasibility......:  1.4710601357056841e+012   1.4710601357056841e+012
Constraint violation....:  8.8687202252027600e+002   8.8687202252027600e+002
Complementarity.........:  4.9142603389477442e-009   4.9142603389477442e-009
Overall NLP error.......:  1.4710601357056841e+012   1.4710601357056841e+012


Number of objective function evaluations             = 80
Number of objective gradient evaluations             = 23
Number of equality constraint evaluations            = 80
Number of inequality constraint evaluations          = 80
Number of equality constraint Jacobian evaluations   = 61
Number of inequality constraint Jacobian evaluations = 61
Number of Lagrangian Hessian evaluations             = 54
Total CPU secs in IPOPT (w/o function evaluations)   =     15.513
Total CPU secs in NLP function evaluations           =      1.840

EXIT: Converged to a point of local infeasibility. Problem may be infeasible.
