This is Ipopt version 3.12, running with linear solver ma86.

Number of nonzeros in equality constraint Jacobian...:      174
Number of nonzeros in inequality constraint Jacobian.:   100829
Number of nonzeros in Lagrangian Hessian.............:    14239

Total number of variables............................:    14239
                     variables with only lower bounds:        0
                variables with lower and upper bounds:    14239
                     variables with only upper bounds:        0
Total number of equality constraints.................:        1
Total number of inequality constraints...............:       50
        inequality constraints with only lower bounds:        0
   inequality constraints with lower and upper bounds:       50
        inequality constraints with only upper bounds:        0

iter    objective    inf_pr   inf_du lg(mu)  ||d||  lg(rg) alpha_du alpha_pr  ls
   0 0.0000000e+000 3.50e+004 0.00e+000  -1.0 0.00e+000    -  0.00e+000 0.00e+000   0
   1 1.2363480e+000 2.08e+004 1.95e+002  -1.0 5.23e+000    -  1.62e-001 4.06e-001h  1
   2 4.4449709e+000 1.30e+004 8.67e+002  -1.0 1.44e+001    -  2.56e-001 3.74e-001h  1
   3 4.7312795e+000 1.07e+004 7.36e+002  -1.0 2.42e+001    -  4.20e-001 1.74e-001h  1
   4 1.4963628e+001 5.51e+002 6.34e+003  -1.0 3.93e+001    -  5.83e-002 9.35e-001h  1
   5 1.0069970e+001 0.00e+000 2.68e+003  -1.0 5.17e+000    -  6.35e-001 1.00e+000h  1
   6 8.1251011e+000 0.00e+000 1.61e+003  -1.0 7.17e+000    -  6.18e-001 5.52e-001f  1
   7 6.0243929e+000 0.00e+000 6.85e+002  -1.0 6.31e+001    -  7.57e-001 1.00e+000f  1
   8 5.5619845e+000 0.00e+000 4.03e+002  -1.0 8.38e+001    -  5.19e-001 5.84e-001f  1
   9 8.1203012e+000 0.00e+000 1.31e+003  -1.0 6.45e+001    -  9.99e-001 9.06e-001f  1
iter    objective    inf_pr   inf_du lg(mu)  ||d||  lg(rg) alpha_du alpha_pr  ls
  10 6.5286499e+000 0.00e+000 5.66e+002  -1.0 3.79e+001    -  1.00e+000 1.00e+000f  1
  11 5.4442348e+000 0.00e+000 2.36e+002  -1.0 4.41e+000    -  1.00e+000 1.00e+000f  1
  12 4.8313384e+000 0.00e+000 1.02e+002  -1.0 4.68e-001    -  1.00e+000 1.00e+000f  1
  13 4.4959519e+000 0.00e+000 4.30e+001  -1.0 4.47e-001    -  1.00e+000 1.00e+000f  1
  14 4.3160708e+000 0.00e+000 1.86e+001  -1.0 4.93e-001    -  1.00e+000 1.00e+000f  1
  15 4.2239489e+000 0.00e+000 8.00e+000  -1.0 3.33e-001    -  1.00e+000 1.00e+000f  1
  16 4.1782557e+000 0.00e+000 3.47e+000  -1.0 1.15e-001    -  1.00e+000 1.00e+000f  1
  17 4.1553002e+000 0.00e+000 1.43e+000  -1.0 8.31e-002    -  1.00e+000 1.00e+000f  1
  18 4.1443575e+000 0.00e+000 5.26e-001  -1.0 1.34e-001    -  1.00e+000 1.00e+000f  1
  19 4.0891747e+000 0.00e+000 1.80e-001  -1.7 2.27e+000    -  1.00e+000 1.00e+000f  1
iter    objective    inf_pr   inf_du lg(mu)  ||d||  lg(rg) alpha_du alpha_pr  ls
  20 3.9015642e+000 0.00e+000 3.24e-001  -2.5 1.50e+001    -  7.49e-001 1.00e+000f  1
  21 3.6904237e+000 0.00e+000 1.07e-001  -2.5 2.19e+001    -  1.00e+000 1.00e+000f  1
  22 3.5651544e+000 0.00e+000 2.43e-002  -2.5 1.58e+001    -  1.00e+000 1.00e+000f  1
  23 3.4007886e+000 0.00e+000 4.45e-002  -3.8 1.51e+001    -  6.47e-001 1.00e+000f  1
  24 3.2959777e+000 0.00e+000 1.13e-002  -3.8 1.57e+001    -  6.54e-001 1.00e+000f  1
  25 3.2339886e+000 0.00e+000 2.67e-003  -3.8 1.27e+001    -  1.60e-001 1.00e+000f  1
  26 3.2200257e+000 0.00e+000 1.09e-003  -3.8 9.36e+000    -  6.67e-001 4.00e-001f  1
  27 3.1850452e+000 0.00e+000 1.82e-003  -5.7 1.18e+001    -  3.77e-001 1.00e+000f  1
  28 3.1807931e+000 0.00e+000 1.36e-003  -5.7 1.41e+001    -  2.72e-001 2.98e-001f  1
  29 3.1783461e+000 0.00e+000 9.34e-004  -5.7 4.74e+000    -  8.45e-001 2.85e-001f  1
iter    objective    inf_pr   inf_du lg(mu)  ||d||  lg(rg) alpha_du alpha_pr  ls
  30 3.1718815e+000 0.00e+000 3.55e-004  -5.7 1.02e+001    -  7.71e-001 1.00e+000f  1
  31 3.1711437e+000 0.00e+000 1.12e-004  -5.7 2.11e+000    -  9.96e-001 1.00e+000f  1
  32 3.1710400e+000 0.00e+000 2.31e-005  -5.7 7.73e-001    -  1.00e+000 1.00e+000f  1
  33 3.1710360e+000 0.00e+000 4.41e-006  -5.7 7.20e-002    -  1.00e+000 1.00e+000f  1
  34 3.1709117e+000 0.00e+000 4.42e-006  -8.6 9.23e-001    -  8.42e-001 9.80e-001f  1
  35 3.1709076e+000 0.00e+000 1.54e-007  -8.6 2.96e-001    -  9.73e-001 1.00e+000f  1
  36 3.1709075e+000 0.00e+000 3.72e-010  -8.6 1.68e-002    -  1.00e+000 1.00e+000h  1

Number of Iterations....: 36

                                   (scaled)                 (unscaled)
Objective...............:  3.1709075130558313e+000   3.1709075130558313e+000
Dual infeasibility......:  3.7242989260410705e-010   3.7242989260410705e-010
Constraint violation....:  0.0000000000000000e+000   0.0000000000000000e+000
Complementarity.........:  2.9949755779461164e-009   2.9949755779461164e-009
Overall NLP error.......:  2.9949755779461164e-009   2.9949755779461164e-009


Number of objective function evaluations             = 37
Number of objective gradient evaluations             = 37
Number of equality constraint evaluations            = 37
Number of inequality constraint evaluations          = 37
Number of equality constraint Jacobian evaluations   = 37
Number of inequality constraint Jacobian evaluations = 37
Number of Lagrangian Hessian evaluations             = 36
Total CPU secs in IPOPT (w/o function evaluations)   =      4.873
Total CPU secs in NLP function evaluations           =      0.680

EXIT: Optimal Solution Found.
