This is Ipopt version 3.12, running with linear solver ma86.

Number of nonzeros in equality constraint Jacobian...:      174
Number of nonzeros in inequality constraint Jacobian.:   289284
Number of nonzeros in Lagrangian Hessian.............:    14524

Total number of variables............................:    14524
                     variables with only lower bounds:        0
                variables with lower and upper bounds:    14524
                     variables with only upper bounds:        0
Total number of equality constraints.................:        1
Total number of inequality constraints...............:       52
        inequality constraints with only lower bounds:        0
   inequality constraints with lower and upper bounds:       46
        inequality constraints with only upper bounds:        0

iter    objective    inf_pr   inf_du lg(mu)  ||d||  lg(rg) alpha_du alpha_pr  ls
   0 0.0000000e+000 1.96e+003 0.00e+000  -1.0 0.00e+000    -  0.00e+000 0.00e+000   0
   1 1.9538181e-002 1.77e+003 8.90e-001  -1.0 1.36e+002    -  4.97e-002 9.63e-002h  1
   2 6.1182983e+000 1.29e+003 1.95e+003  -1.0 1.30e+002    -  1.45e-002 2.67e-001h  1
   3 5.8301357e+000 1.12e+003 1.71e+003  -1.0 6.76e+001    -  1.70e-001 1.32e-001h  1
   4 7.0696733e+000 6.37e+002 1.14e+003  -1.0 8.78e+001    -  1.48e-001 4.31e-001h  1
   5 1.2041142e+001 1.99e+002 1.41e+003  -1.0 4.54e+001    -  2.59e-001 6.83e-001f  1
   6 9.1359010e+000 0.00e+000 6.00e+002  -1.0 4.43e+001    -  5.52e-001 1.00e+000f  1
   7 7.5088194e+000 0.00e+000 2.87e+002  -1.0 9.42e+001    -  6.83e-001 8.43e-001f  1
   8 7.4797991e+000 0.00e+000 1.82e+002  -1.0 2.37e+002    -  2.95e-001 4.97e-001f  1
   9 7.6291106e+000 1.14e-013 1.43e+002  -1.0 2.62e+002    -  2.89e-001 2.47e-001f  1
iter    objective    inf_pr   inf_du lg(mu)  ||d||  lg(rg) alpha_du alpha_pr  ls
  10 8.6664418e+000 0.00e+000 9.14e+001  -1.0 2.97e+002    -  4.84e-001 4.87e-001f  1
  11 9.2200769e+000 1.14e-013 6.27e+001  -1.0 3.54e+002    -  3.81e-001 4.02e-001f  1
  12 1.0255858e+001 0.00e+000 4.20e+001  -1.0 3.51e+002    -  4.70e-001 4.29e-001f  1
  13 1.1061607e+001 1.14e-013 3.07e+001  -1.0 3.35e+002    -  6.71e-001 3.11e-001f  1
  14 1.3516486e+001 0.00e+000 1.35e+001  -1.0 3.95e+002    -  7.99e-001 9.62e-001f  1
  15 1.3805626e+001 0.00e+000 5.44e+000  -1.0 1.29e+002    -  1.00e+000 1.00e+000f  1
  16 1.3699236e+001 1.14e-013 2.54e+000  -1.0 1.13e+001    -  1.00e+000 1.00e+000f  1
  17 1.3618418e+001 1.14e-013 1.02e+000  -1.0 9.46e-001    -  1.00e+000 1.00e+000f  1
  18 1.3582384e+001 0.00e+000 4.19e-001  -1.0 8.31e-001    -  1.00e+000 1.00e+000f  1
  19 1.1882566e+001 0.00e+000 1.35e+000  -1.7 1.92e+001    -  6.26e-001 1.00e+000f  1
iter    objective    inf_pr   inf_du lg(mu)  ||d||  lg(rg) alpha_du alpha_pr  ls
  20 1.0306193e+001 0.00e+000 1.75e-001  -1.7 2.80e+001    -  1.00e+000 1.00e+000f  1
  21 7.9598961e+000 0.00e+000 4.41e-001  -2.5 7.54e+001    -  4.63e-001 1.00e+000f  1
  22 6.5448418e+000 1.14e-013 1.35e-001  -2.5 7.96e+001    -  7.09e-001 1.00e+000f  1
  23 5.4976485e+000 0.00e+000 2.95e-002  -2.5 9.09e+001    -  9.04e-001 1.00e+000f  1
  24 5.0451470e+000 1.14e-013 3.80e-003  -2.5 5.42e+001    -  1.00e+000 1.00e+000f  1
  25 3.6412978e+000 0.00e+000 8.51e-002  -3.8 2.04e+002    -  4.13e-001 1.00e+000f  1
  26 2.7680778e+000 0.00e+000 5.00e-002  -3.8 1.94e+002    -  4.52e-001 1.00e+000f  1
  27 2.2410161e+000 0.00e+000 2.91e-002  -3.8 1.58e+002    -  4.65e-001 1.00e+000f  1
  28 1.9717928e+000 0.00e+000 1.81e-002  -3.8 1.14e+002    -  4.35e-001 9.25e-001f  1
  29 1.8358787e+000 0.00e+000 2.83e-003  -3.8 6.73e+001    -  8.55e-001 1.00e+000f  1
iter    objective    inf_pr   inf_du lg(mu)  ||d||  lg(rg) alpha_du alpha_pr  ls
  30 1.7817741e+000 0.00e+000 4.62e-005  -3.8 3.06e+001    -  1.00e+000 1.00e+000f  1
  31 1.5138390e+000 0.00e+000 6.12e-003  -5.7 2.32e+002    -  3.28e-001 8.42e-001f  1
  32 1.4145914e+000 0.00e+000 4.19e-003  -5.7 1.24e+002    -  4.97e-001 1.00e+000f  1
  33 1.3904854e+000 0.00e+000 1.92e-003  -5.7 5.19e+001    -  5.82e-001 1.00e+000f  1
  34 1.3859185e+000 0.00e+000 5.63e-004  -5.7 1.72e+001    -  7.29e-001 1.00e+000f  1
  35 1.3851165e+000 0.00e+000 1.58e-006  -5.7 1.64e+000    -  1.00e+000 1.00e+000f  1
  36 1.3845242e+000 0.00e+000 4.98e-006  -8.6 5.81e+000    -  9.11e-001 9.41e-001f  1
  37 1.3845141e+000 0.00e+000 8.80e-008  -8.6 1.89e-001    -  9.93e-001 1.00e+000f  1
  38 1.3845140e+000 0.00e+000 1.51e-010  -8.6 1.43e-002    -  1.00e+000 1.00e+000h  1

Number of Iterations....: 38

                                   (scaled)                 (unscaled)
Objective...............:  1.3845140386162731e+000   1.3845140386162731e+000
Dual infeasibility......:  1.5121944141038917e-010   1.5121944141038917e-010
Constraint violation....:  0.0000000000000000e+000   0.0000000000000000e+000
Complementarity.........:  3.1034313408352991e-009   3.1034313408352991e-009
Overall NLP error.......:  3.1034313408352991e-009   3.1034313408352991e-009


Number of objective function evaluations             = 39
Number of objective gradient evaluations             = 39
Number of equality constraint evaluations            = 39
Number of inequality constraint evaluations          = 39
Number of equality constraint Jacobian evaluations   = 39
Number of inequality constraint Jacobian evaluations = 39
Number of Lagrangian Hessian evaluations             = 38
Total CPU secs in IPOPT (w/o function evaluations)   =      9.209
Total CPU secs in NLP function evaluations           =      1.040

EXIT: Optimal Solution Found.
