This is Ipopt version 3.12, running with linear solver ma86.

Number of nonzeros in equality constraint Jacobian...:      365
Number of nonzeros in inequality constraint Jacobian.:   188749
Number of nonzeros in Lagrangian Hessian.............:    15163

Total number of variables............................:    15163
                     variables with only lower bounds:        0
                variables with lower and upper bounds:    15163
                     variables with only upper bounds:        0
Total number of equality constraints.................:        1
Total number of inequality constraints...............:       52
        inequality constraints with only lower bounds:        0
   inequality constraints with lower and upper bounds:       52
        inequality constraints with only upper bounds:        0

iter    objective    inf_pr   inf_du lg(mu)  ||d||  lg(rg) alpha_du alpha_pr  ls
   0 0.0000000e+000 2.52e+003 0.00e+000  -1.0 0.00e+000    -  0.00e+000 0.00e+000   0
   1 1.2154172e+000 2.37e+003 2.41e+002  -1.0 2.27e+001    -  4.20e-002 6.12e-002h  1
   2 8.6575371e+000 2.20e+003 3.21e+003  -1.0 5.73e+001    -  4.76e-002 7.01e-002h  1
   3 1.0353451e+001 2.18e+003 3.19e+003  -1.0 1.16e+002    -  3.09e-002 7.21e-003h  1
   4 9.0545028e+000 1.56e+003 2.42e+003  -1.0 3.41e+002    -  4.97e-003 2.85e-001h  1
   5 9.2255227e+000 1.55e+003 2.40e+003  -1.0 1.67e+002    -  1.23e-002 5.82e-003h  1
   6 9.7979132e+000 1.49e+003 2.32e+003  -1.0 3.76e+002    -  1.50e-003 3.57e-002h  1
   7 9.9107749e+000 1.38e+003 2.14e+003  -1.0 5.81e+002    -  2.65e-002 7.87e-002h  1
   8 9.9756068e+000 1.22e+003 1.90e+003  -1.0 5.35e+002    -  6.35e-002 1.15e-001h  1
   9 1.1011356e+001 1.21e+003 1.91e+003  -1.0 5.99e+002    -  2.83e-001 3.46e-003h  1
iter    objective    inf_pr   inf_du lg(mu)  ||d||  lg(rg) alpha_du alpha_pr  ls
  10 1.1032398e+004 1.21e+003 1.77e+008  -1.0 2.42e+001    -  2.83e-001 1.75e-003h  1
  11 6.6696326e+004 1.21e+003 1.19e+009  -1.0 3.31e+001    -  3.23e-001 3.90e-004h  1
  12 9.7775105e+005 1.21e+003 1.59e+011  -1.0 2.89e+001    -  2.99e-001 1.01e-004h  1
  13 1.1673016e+007 1.21e+003 6.47e+012  -1.0 2.72e+001    -  3.78e-001 2.21e-005h  1
  14r1.1673016e+007 1.21e+003 1.00e+003   2.9 0.00e+000    -  0.00e+000 3.67e-007R  5
  15r4.7436218e+003 9.07e+002 1.00e+003   2.9 5.04e+005    -  3.35e-004 3.57e-004f  1
  16 4.7435912e+003 9.07e+002 7.66e+006  -1.0 3.20e+002    -  1.55e-001 1.19e-005h  1
  17 5.0218575e+003 9.07e+002 7.85e+006  -1.0 5.10e+002    -  1.62e-001 1.90e-005h  1
  18 8.8102539e+006 9.07e+002 4.78e+012  -1.0 2.33e+001    -  2.69e-001 7.78e-005h  1
  19r8.8102539e+006 9.07e+002 1.00e+003   2.9 0.00e+000    -  0.00e+000 2.64e-007R  6
iter    objective    inf_pr   inf_du lg(mu)  ||d||  lg(rg) alpha_du alpha_pr  ls
  20r7.9350586e+003 7.37e+002 1.04e+003   2.9 3.72e+005    -  3.74e-003 2.72e-004f  1
  21r7.9350586e+003 7.37e+002 9.99e+002   2.8 0.00e+000    -  0.00e+000 4.21e-007R  5
  22r7.0731265e-001 5.84e+002 9.98e+002   2.8 3.21e+005    -  2.83e-003 3.09e-004f  1
  23 3.2051741e+001 5.70e+002 3.24e+004  -1.0 2.07e+001    -  3.08e-001 2.39e-002h  1
  24 7.6250421e+001 5.57e+002 5.05e+004  -1.0 2.64e+001    -  3.24e-001 2.25e-002h  1
  25 7.8248960e+001 5.54e+002 5.02e+004  -1.0 2.77e+001    -  2.67e-001 5.31e-003h  1
  26 6.9907719e+003 5.53e+002 1.06e+008  -1.0 4.97e+001    -  2.92e-001 1.72e-003h  1
  27 2.9890546e+004 5.53e+002 6.41e+008  -1.0 4.99e+001    -  2.48e-001 1.57e-004h  1
  28 4.2653401e+005 5.53e+002 4.62e+010  -1.0 2.75e+001    -  4.08e-001 1.58e-004h  1
  29 2.4334150e+006 5.53e+002 5.68e+011  -1.0 3.08e+001    -  5.70e-001 4.14e-005h  1
iter    objective    inf_pr   inf_du lg(mu)  ||d||  lg(rg) alpha_du alpha_pr  ls
  30r2.4334150e+006 5.53e+002 1.00e+003   2.7 0.00e+000    -  0.00e+000 2.87e-007R  6
  31r7.7981456e+003 4.01e+002 1.07e+003   2.7 2.93e+005    -  4.31e-003 4.04e-004f  1
  32 7.7980153e+003 4.01e+002 2.62e+007  -1.0 1.45e+002    -  8.25e-002 2.90e-005h  1
  33 8.6821839e+003 4.01e+002 3.22e+007  -1.0 8.24e+001    -  4.22e-001 6.56e-005h  1
  34 2.1304981e+005 4.01e+002 1.68e+010  -1.0 2.10e+001    -  3.41e-001 2.07e-004h  1
  35 1.1081810e+007 4.01e+002 6.62e+012  -1.0 6.94e+001    -  2.79e-001 3.76e-005h  1
  36 6.5762935e+007 4.01e+002 7.16e+013  -1.0 2.87e+001    -  4.00e-001 2.02e-005h  1
  37r6.5762935e+007 4.01e+002 1.00e+003   2.6 0.00e+000    -  0.00e+000 3.60e-007R  4
  38r1.3089272e+004 3.35e+002 1.08e+003   2.6 2.52e+005    -  4.80e-003 5.13e-004f  1
  39 1.3089170e+004 3.35e+002 2.90e+007  -1.0 1.82e+002    -  8.26e-002 1.22e-005h  1
iter    objective    inf_pr   inf_du lg(mu)  ||d||  lg(rg) alpha_du alpha_pr  ls
  40 1.3113985e+004 3.35e+002 2.90e+007  -1.0 2.94e+002    -  8.48e-002 2.34e-005h  1
  41 4.7894738e+005 3.35e+002 3.39e+011  -1.0 2.05e+001    -  3.78e-001 2.89e-005h  1
  42 5.7591744e+007 3.35e+002 7.63e+013  -1.0 2.50e+001    -  3.62e-001 2.12e-005h  1
  43r5.7591744e+007 3.35e+002 1.00e+003   2.5 0.00e+000    -  0.00e+000 3.28e-007R  5
  44r1.2011056e+004 3.21e+002 1.12e+003   2.5 1.52e+005    -  6.28e-003 5.93e-004f  1
  45r1.8470911e+003 2.93e+002 1.02e+003   1.8 4.32e+004    -  1.71e-003 5.83e-003f  1
  46r1.8470911e+003 2.93e+002 9.99e+002   2.5 0.00e+000    -  0.00e+000 3.27e-007R  5
  47r2.0918183e+000 3.09e+002 9.98e+002   2.5 2.16e+004    -  2.91e-003 7.39e-004f  1
  48r3.3009936e+001 2.91e+002 9.94e+002   1.8 5.67e+003    -  1.14e-002 4.31e-003f  1
  49r3.5380792e+001 2.86e+002 9.82e+002   1.8 4.89e+003    -  2.68e-002 1.23e-002f  1
iter    objective    inf_pr   inf_du lg(mu)  ||d||  lg(rg) alpha_du alpha_pr  ls
  50r3.9632345e+001 2.85e+002 3.65e+003   1.8 6.11e+002    -  1.50e-001 1.81e-002f  1
  51r5.3643469e+001 2.83e+002 1.91e+004   1.8 3.88e+002    -  1.00e+000 1.87e-001f  1
  52r5.4350057e+001 2.83e+002 1.97e+003   1.8 1.88e+001    -  1.00e+000 8.97e-001f  1
  53r5.3554774e+001 2.83e+002 5.86e-004   1.8 4.08e+000    -  1.00e+000 1.00e+000f  1
  54r3.1039316e+002 2.82e+002 2.30e+001   0.4 1.58e+001    -  6.61e-001 6.19e-001f  1
  55r3.1563320e+004 2.82e+002 2.35e-005   0.4 5.11e+000    -  1.00e+000 1.00e+000f  1
  56r7.9455743e+005 2.82e+002 1.22e+001  -0.3 1.51e+001    -  4.66e-001 1.00e+000f  1
  57r7.9469930e+005 2.82e+002 2.20e+000  -0.3 4.54e+000    -  1.00e+000 5.00e-001f  2
  58r1.9938345e+007 2.82e+002 1.32e+000  -1.0 2.28e+001    -  6.68e-001 1.00e+000f  1
  59r1.9939596e+007 2.82e+002 9.38e-007  -1.0 3.79e+000    -  1.00e+000 1.00e+000f  1
iter    objective    inf_pr   inf_du lg(mu)  ||d||  lg(rg) alpha_du alpha_pr  ls
  60r3.1188385e+010 2.82e+002 5.63e-001  -2.6 2.78e+001    -  5.12e-001 1.00e+000f  1
  61r3.1193037e+010 2.82e+002 9.52e-002  -2.6 3.30e+000    -  8.92e-001 1.00e+000f  1
  62r3.1193036e+010 2.82e+002 2.57e-008  -2.6 7.77e+000    -  1.00e+000 1.00e+000f  1
  63r7.1899578e+012 2.82e+002 2.81e-002  -3.9 1.71e+001    -  7.70e-001 9.02e-001f  1
  64r1.9296839e+014 2.82e+002 1.30e-009  -3.9 2.21e+001    -  1.00e+000 1.00e+000f  1
  65r1.6592360e+013 2.82e+002 7.15e-003  -5.8 2.26e+001    -  5.60e-001 8.15e-001f  1
  66r6.1999452e+012 2.82e+002 1.38e-003  -5.8 1.15e+001    -  9.21e-001 1.00e+000f  1
  67r6.1999461e+012 2.82e+002 4.34e-004  -5.8 1.58e+001    -  6.88e-001 1.00e+000f  1
  68r6.1999461e+012 2.82e+002 1.50e-011  -5.8 1.07e+001    -  1.00e+000 1.00e+000f  1
  69r5.9969001e+012 2.82e+002 8.14e-004  -8.7 1.35e+001    -  6.56e-001 9.86e-001f  1
iter    objective    inf_pr   inf_du lg(mu)  ||d||  lg(rg) alpha_du alpha_pr  ls
  70r5.9942680e+012 2.82e+002 1.05e-004  -8.7 7.78e-001    -  9.46e-001 1.00e+000f  1
  71r5.9942680e+012 2.82e+002 4.40e-006  -8.7 1.62e+000    -  9.58e-001 1.00e+000H  1
  72r5.9942680e+012 2.82e+002 2.86e-007  -8.7 1.52e+000    -  1.00e+000 1.14e-013h 44

Number of Iterations....: 72

                                   (scaled)                 (unscaled)
Objective...............:  5.9942680459679189e+012   5.9942680459679189e+012
Dual infeasibility......:  2.4927156170495525e+020   2.4927156170495525e+020
Constraint violation....:  2.8227293715686073e+002   2.8227293715686073e+002
Complementarity.........:  2.5647245026914033e-009   2.5647245026914033e-009
Overall NLP error.......:  2.4927156170495525e+020   2.4927156170495525e+020


Number of objective function evaluations             = 163
Number of objective gradient evaluations             = 47
Number of equality constraint evaluations            = 163
Number of inequality constraint evaluations          = 163
Number of equality constraint Jacobian evaluations   = 81
Number of inequality constraint Jacobian evaluations = 81
Number of Lagrangian Hessian evaluations             = 73
Total CPU secs in IPOPT (w/o function evaluations)   =     12.424
Total CPU secs in NLP function evaluations           =      2.363

EXIT: Converged to a point of local infeasibility. Problem may be infeasible.
