This is Ipopt version 3.12, running with linear solver ma86.

Number of nonzeros in equality constraint Jacobian...:    27878
Number of nonzeros in inequality constraint Jacobian.:   546249
Number of nonzeros in Lagrangian Hessian.............:    27193

Total number of variables............................:    27193
                     variables with only lower bounds:        0
                variables with lower and upper bounds:    27193
                     variables with only upper bounds:        0
Total number of equality constraints.................:        2
Total number of inequality constraints...............:       49
        inequality constraints with only lower bounds:        0
   inequality constraints with lower and upper bounds:       43
        inequality constraints with only upper bounds:        0

iter    objective    inf_pr   inf_du lg(mu)  ||d||  lg(rg) alpha_du alpha_pr  ls
   0 0.0000000e+000 5.43e+003 0.00e+000  -1.0 0.00e+000    -  0.00e+000 0.00e+000   0
   1 1.9814437e-003 5.01e+003 4.16e-002  -1.0 1.19e+002    -  7.75e-002 7.65e-002f  1
   2 2.2416797e+000 4.12e+003 1.53e+003  -1.0 1.28e+002    -  1.57e-002 1.77e-001h  1
   3 6.1883445e+000 3.15e+003 3.43e+003  -1.0 9.77e+001    -  1.22e-001 2.36e-001h  1
   4 5.3510474e+000 2.15e+003 2.54e+003  -1.0 9.67e+001    -  1.06e-001 3.17e-001h  1
   5 5.8566458e+000 1.00e+003 1.56e+003  -1.0 3.78e+001    -  3.03e-001 5.30e-001h  1
   6 4.0786943e+000 2.71e+002 8.21e+002  -1.0 2.17e+001    -  4.56e-001 7.21e-001h  1
   7 2.9896125e+000 1.02e+002 4.79e+002  -1.0 4.44e+001    -  5.90e-001 5.97e-001f  1
   8 2.4389698e+000 5.73e+001 3.34e+002  -1.0 9.99e+001    -  3.80e-001 3.84e-001f  1
   9 3.2746830e+000 3.67e+001 5.93e+002  -1.0 1.07e+002    -  4.06e-001 2.84e-001f  1
iter    objective    inf_pr   inf_du lg(mu)  ||d||  lg(rg) alpha_du alpha_pr  ls
  10 2.8185477e+000 2.14e+001 4.56e+002  -1.0 1.27e+002    -  4.54e-001 2.91e-001f  1
  11 2.3044548e+000 5.90e+000 3.08e+002  -1.0 1.36e+002    -  4.88e-001 4.27e-001f  1
  12 2.0687205e+000 3.68e+000 2.44e+002  -1.0 1.22e+002    -  5.63e-001 2.43e-001f  1
  13 1.8126407e+000 1.39e+000 1.77e+002  -1.0 8.28e+001    -  1.00e+000 3.37e-001f  1
  14 1.4642215e+000 1.52e-001 9.54e+001  -1.0 3.22e+001    -  1.00e+000 7.03e-001f  1
  15 1.1751904e+000 0.00e+000 4.13e+001  -1.0 1.18e+001    -  1.00e+000 1.00e+000f  1
  16 1.0069656e+000 0.00e+000 1.80e+001  -1.0 2.40e+000    -  1.00e+000 1.00e+000f  1
  17 9.1768142e-001 0.00e+000 7.93e+000  -1.0 6.53e-001    -  1.00e+000 1.00e+000f  1
  18 8.7408611e-001 0.00e+000 3.41e+000  -1.0 1.71e-001    -  1.00e+000 1.00e+000f  1
  19 8.5555904e-001 0.00e+000 1.34e+000  -1.0 1.51e-001    -  1.00e+000 1.00e+000f  1
iter    objective    inf_pr   inf_du lg(mu)  ||d||  lg(rg) alpha_du alpha_pr  ls
  20 8.4946144e-001 0.00e+000 4.01e-001  -1.0 5.63e-002    -  1.00e+000 1.00e+000f  1
  21 8.1695244e-001 0.00e+000 1.98e-002  -1.7 3.96e-001    -  1.00e+000 1.00e+000f  1
  22 7.2301501e-001 0.00e+000 3.94e-001  -3.8 2.55e+000    -  8.00e-001 1.00e+000f  1
  23 5.9569831e-001 0.00e+000 1.25e-001  -3.8 1.34e+001    -  6.84e-001 1.00e+000f  1
  24 4.6747408e-001 0.00e+000 6.93e-002  -3.8 3.13e+001    -  4.59e-001 1.00e+000f  1
  25 3.7992031e-001 0.00e+000 3.24e-002  -3.8 2.56e+001    -  5.38e-001 1.00e+000f  1
  26 3.2039628e-001 0.00e+000 2.06e-002  -3.8 3.10e+001    -  3.74e-001 1.00e+000f  1
  27 2.9156666e-001 0.00e+000 7.15e-004  -3.8 1.77e+001    -  1.00e+000 1.00e+000f  1
  28 2.2152596e-001 0.00e+000 7.86e-003  -5.7 2.96e+001    -  4.99e-001 1.00e+000f  1
  29 1.7797144e-001 0.00e+000 5.29e-003  -5.7 3.70e+001    -  3.32e-001 1.00e+000f  1
iter    objective    inf_pr   inf_du lg(mu)  ||d||  lg(rg) alpha_du alpha_pr  ls
  30 1.5707973e-001 0.00e+000 2.62e-003  -5.7 3.57e+001    -  5.05e-001 1.00e+000f  1
  31 1.4927528e-001 0.00e+000 1.32e-003  -5.7 3.39e+001    -  4.98e-001 7.18e-001f  1
  32 1.4427498e-001 0.00e+000 4.18e-004  -5.7 2.16e+001    -  6.88e-001 1.00e+000f  1
  33 1.4317005e-001 0.00e+000 7.06e-007  -5.7 8.00e+000    -  1.00e+000 1.00e+000f  1
  34 1.4251386e-001 0.00e+000 3.17e-005  -8.6 1.14e+001    -  6.98e-001 8.63e-001f  1
  35 1.4247265e-001 0.00e+000 1.06e-005  -8.6 2.69e+000    -  8.17e-001 9.93e-001f  1
  36 1.4247130e-001 0.00e+000 2.30e-009  -8.6 1.38e+000    -  1.00e+000 1.00e+000f  1
  37 1.4247118e-001 0.00e+000 1.64e-010  -8.6 3.97e-001    -  1.00e+000 1.00e+000h  1

Number of Iterations....: 37

                                   (scaled)                 (unscaled)
Objective...............:  1.4247117667089196e-001   1.4247117667089196e-001
Dual infeasibility......:  1.6359887204819447e-010   1.6359887204819447e-010
Constraint violation....:  0.0000000000000000e+000   0.0000000000000000e+000
Complementarity.........:  4.6793003965754639e-009   4.6793003965754639e-009
Overall NLP error.......:  4.6793003965754639e-009   4.6793003965754639e-009


Number of objective function evaluations             = 38
Number of objective gradient evaluations             = 38
Number of equality constraint evaluations            = 38
Number of inequality constraint evaluations          = 38
Number of equality constraint Jacobian evaluations   = 38
Number of inequality constraint Jacobian evaluations = 38
Number of Lagrangian Hessian evaluations             = 37
Total CPU secs in IPOPT (w/o function evaluations)   =     21.016
Total CPU secs in NLP function evaluations           =      2.164

EXIT: Optimal Solution Found.
